{"total": {"lines":{"total":777,"covered":84,"skipped":0,"pct":10.81},"statements":{"total":826,"covered":89,"skipped":0,"pct":10.77},"functions":{"total":151,"covered":17,"skipped":0,"pct":11.25},"branches":{"total":264,"covered":37,"skipped":0,"pct":14.01},"branchesTrue":{"total":0,"covered":0,"skipped":0,"pct":100}}
,"/Users/devang/Documents/local_rabbit/server/src/app.js": {"lines":{"total":26,"covered":0,"skipped":0,"pct":0},"functions":{"total":2,"covered":0,"skipped":0,"pct":0},"statements":{"total":26,"covered":0,"skipped":0,"pct":0},"branches":{"total":2,"covered":0,"skipped":0,"pct":0}}
,"/Users/devang/Documents/local_rabbit/server/src/config.js": {"lines":{"total":2,"covered":2,"skipped":0,"pct":100},"functions":{"total":0,"covered":0,"skipped":0,"pct":100},"statements":{"total":2,"covered":2,"skipped":0,"pct":100},"branches":{"total":12,"covered":11,"skipped":0,"pct":91.66}}
,"/Users/devang/Documents/local_rabbit/server/src/index.js": {"lines":{"total":11,"covered":0,"skipped":0,"pct":0},"functions":{"total":0,"covered":0,"skipped":0,"pct":100},"statements":{"total":11,"covered":0,"skipped":0,"pct":0},"branches":{"total":2,"covered":0,"skipped":0,"pct":0}}
,"/Users/devang/Documents/local_rabbit/server/src/controllers/diffController.js": {"lines":{"total":34,"covered":0,"skipped":0,"pct":0},"functions":{"total":4,"covered":0,"skipped":0,"pct":0},"statements":{"total":34,"covered":0,"skipped":0,"pct":0},"branches":{"total":14,"covered":0,"skipped":0,"pct":0}}
,"/Users/devang/Documents/local_rabbit/server/src/controllers/repositoryController.js": {"lines":{"total":54,"covered":0,"skipped":0,"pct":0},"functions":{"total":6,"covered":0,"skipped":0,"pct":0},"statements":{"total":55,"covered":0,"skipped":0,"pct":0},"branches":{"total":18,"covered":0,"skipped":0,"pct":0}}
,"/Users/devang/Documents/local_rabbit/server/src/middleware/cors.js": {"lines":{"total":4,"covered":0,"skipped":0,"pct":0},"functions":{"total":0,"covered":0,"skipped":0,"pct":100},"statements":{"total":4,"covered":0,"skipped":0,"pct":0},"branches":{"total":0,"covered":0,"skipped":0,"pct":100}}
,"/Users/devang/Documents/local_rabbit/server/src/middleware/errorHandler.js": {"lines":{"total":11,"covered":0,"skipped":0,"pct":0},"functions":{"total":1,"covered":0,"skipped":0,"pct":0},"statements":{"total":11,"covered":0,"skipped":0,"pct":0},"branches":{"total":6,"covered":0,"skipped":0,"pct":0}}
,"/Users/devang/Documents/local_rabbit/server/src/middleware/requestLogger.js": {"lines":{"total":10,"covered":0,"skipped":0,"pct":0},"functions":{"total":2,"covered":0,"skipped":0,"pct":0},"statements":{"total":10,"covered":0,"skipped":0,"pct":0},"branches":{"total":2,"covered":0,"skipped":0,"pct":0}}
,"/Users/devang/Documents/local_rabbit/server/src/routes/diffRoutes.js": {"lines":{"total":6,"covered":0,"skipped":0,"pct":0},"functions":{"total":0,"covered":0,"skipped":0,"pct":100},"statements":{"total":6,"covered":0,"skipped":0,"pct":0},"branches":{"total":0,"covered":0,"skipped":0,"pct":100}}
,"/Users/devang/Documents/local_rabbit/server/src/routes/index.js": {"lines":{"total":9,"covered":0,"skipped":0,"pct":0},"functions":{"total":1,"covered":0,"skipped":0,"pct":0},"statements":{"total":9,"covered":0,"skipped":0,"pct":0},"branches":{"total":0,"covered":0,"skipped":0,"pct":100}}
,"/Users/devang/Documents/local_rabbit/server/src/routes/repositoryRoutes.js": {"lines":{"total":8,"covered":0,"skipped":0,"pct":0},"functions":{"total":0,"covered":0,"skipped":0,"pct":100},"statements":{"total":8,"covered":0,"skipped":0,"pct":0},"branches":{"total":0,"covered":0,"skipped":0,"pct":100}}
,"/Users/devang/Documents/local_rabbit/server/src/services/AnalyzerService.js": {"lines":{"total":59,"covered":36,"skipped":0,"pct":61.01},"functions":{"total":15,"covered":9,"skipped":0,"pct":60},"statements":{"total":66,"covered":41,"skipped":0,"pct":62.12},"branches":{"total":29,"covered":21,"skipped":0,"pct":72.41}}
,"/Users/devang/Documents/local_rabbit/server/src/services/GitService.js": {"lines":{"total":122,"covered":14,"skipped":0,"pct":11.47},"functions":{"total":21,"covered":2,"skipped":0,"pct":9.52},"statements":{"total":132,"covered":14,"skipped":0,"pct":10.6},"branches":{"total":35,"covered":1,"skipped":0,"pct":2.85}}
,"/Users/devang/Documents/local_rabbit/server/src/services/SecureGitService.js": {"lines":{"total":42,"covered":10,"skipped":0,"pct":23.8},"functions":{"total":10,"covered":4,"skipped":0,"pct":40},"statements":{"total":46,"covered":10,"skipped":0,"pct":21.73},"branches":{"total":19,"covered":1,"skipped":0,"pct":5.26}}
,"/Users/devang/Documents/local_rabbit/server/src/utils/coverage-tracker.js": {"lines":{"total":29,"covered":0,"skipped":0,"pct":0},"functions":{"total":10,"covered":0,"skipped":0,"pct":0},"statements":{"total":31,"covered":0,"skipped":0,"pct":0},"branches":{"total":6,"covered":0,"skipped":0,"pct":0}}
,"/Users/devang/Documents/local_rabbit/server/src/utils/logger.js": {"lines":{"total":55,"covered":22,"skipped":0,"pct":40},"functions":{"total":13,"covered":2,"skipped":0,"pct":15.38},"statements":{"total":57,"covered":22,"skipped":0,"pct":38.59},"branches":{"total":33,"covered":3,"skipped":0,"pct":9.09}}
,"/Users/devang/Documents/local_rabbit/server/src/utils/monitoring.js": {"lines":{"total":27,"covered":0,"skipped":0,"pct":0},"functions":{"total":5,"covered":0,"skipped":0,"pct":0},"statements":{"total":27,"covered":0,"skipped":0,"pct":0},"branches":{"total":13,"covered":0,"skipped":0,"pct":0}}
,"/Users/devang/Documents/local_rabbit/server/src/utils/performance-analyzer.js": {"lines":{"total":173,"covered":0,"skipped":0,"pct":0},"functions":{"total":45,"covered":0,"skipped":0,"pct":0},"statements":{"total":188,"covered":0,"skipped":0,"pct":0},"branches":{"total":25,"covered":0,"skipped":0,"pct":0}}
,"/Users/devang/Documents/local_rabbit/server/src/utils/performance.js": {"lines":{"total":61,"covered":0,"skipped":0,"pct":0},"functions":{"total":9,"covered":0,"skipped":0,"pct":0},"statements":{"total":64,"covered":0,"skipped":0,"pct":0},"branches":{"total":22,"covered":0,"skipped":0,"pct":0}}
,"/Users/devang/Documents/local_rabbit/server/src/utils/validation.js": {"lines":{"total":34,"covered":0,"skipped":0,"pct":0},"functions":{"total":7,"covered":0,"skipped":0,"pct":0},"statements":{"total":39,"covered":0,"skipped":0,"pct":0},"branches":{"total":26,"covered":0,"skipped":0,"pct":0}}
}
