{"/Users/devang/Documents/local_rabbit/server/src/app.js": {"path":"/Users/devang/Documents/local_rabbit/server/src/app.js","statementMap":{"0":{"start":{"line":1,"column":16},"end":{"line":1,"column":34}},"1":{"start":{"line":2,"column":15},"end":{"line":2,"column":32}},"2":{"start":{"line":3,"column":15},"end":{"line":3,"column":32}},"3":{"start":{"line":4,"column":13},"end":{"line":4,"column":28}},"4":{"start":{"line":5,"column":11},"end":{"line":5,"column":24}},"5":{"start":{"line":6,"column":23},"end":{"line":6,"column":51}},"6":{"start":{"line":7,"column":22},"end":{"line":7,"column":59}},"7":{"start":{"line":8,"column":21},"end":{"line":8,"column":57}},"8":{"start":{"line":9,"column":15},"end":{"line":9,"column":34}},"9":{"start":{"line":10,"column":15},"end":{"line":10,"column":40}},"10":{"start":{"line":13,"column":12},"end":{"line":13,"column":21}},"11":{"start":{"line":16,"column":16},"end":{"line":16,"column":50}},"12":{"start":{"line":17,"column":0},"end":{"line":19,"column":1}},"13":{"start":{"line":18,"column":2},"end":{"line":18,"column":24}},"14":{"start":{"line":22,"column":0},"end":{"line":22,"column":18}},"15":{"start":{"line":25,"column":0},"end":{"line":25,"column":24}},"16":{"start":{"line":28,"column":0},"end":{"line":28,"column":41}},"17":{"start":{"line":29,"column":0},"end":{"line":29,"column":63}},"18":{"start":{"line":32,"column":0},"end":{"line":36,"column":4}},"19":{"start":{"line":34,"column":24},"end":{"line":34,"column":62}},"20":{"start":{"line":39,"column":0},"end":{"line":39,"column":23}},"21":{"start":{"line":42,"column":0},"end":{"line":42,"column":16}},"22":{"start":{"line":45,"column":0},"end":{"line":47,"column":3}},"23":{"start":{"line":46,"column":2},"end":{"line":46,"column":100}},"24":{"start":{"line":50,"column":0},"end":{"line":50,"column":22}},"25":{"start":{"line":52,"column":0},"end":{"line":52,"column":21}}},"fnMap":{"0":{"name":"(anonymous_0)","decl":{"start":{"line":34,"column":11},"end":{"line":34,"column":12}},"loc":{"start":{"line":34,"column":24},"end":{"line":34,"column":62}},"line":34},"1":{"name":"(anonymous_1)","decl":{"start":{"line":45,"column":8},"end":{"line":45,"column":9}},"loc":{"start":{"line":45,"column":22},"end":{"line":47,"column":1}},"line":45}},"branchMap":{"0":{"loc":{"start":{"line":17,"column":0},"end":{"line":19,"column":1}},"type":"if","locations":[{"start":{"line":17,"column":0},"end":{"line":19,"column":1}},{"start":{},"end":{}}],"line":17}},"s":{"0":0,"1":0,"2":0,"3":0,"4":0,"5":0,"6":0,"7":0,"8":0,"9":0,"10":0,"11":0,"12":0,"13":0,"14":0,"15":0,"16":0,"17":0,"18":0,"19":0,"20":0,"21":0,"22":0,"23":0,"24":0,"25":0},"f":{"0":0,"1":0},"b":{"0":[0,0]}}
,"/Users/devang/Documents/local_rabbit/server/src/config.js": {"path":"/Users/devang/Documents/local_rabbit/server/src/config.js","statementMap":{"0":{"start":{"line":1,"column":15},"end":{"line":18,"column":1}},"1":{"start":{"line":20,"column":0},"end":{"line":20,"column":24}}},"fnMap":{},"branchMap":{"0":{"loc":{"start":{"line":2,"column":11},"end":{"line":2,"column":48}},"type":"binary-expr","locations":[{"start":{"line":2,"column":11},"end":{"line":2,"column":31}},{"start":{"line":2,"column":35},"end":{"line":2,"column":48}}],"line":2},"1":{"loc":{"start":{"line":4,"column":11},"end":{"line":4,"column":43}},"type":"binary-expr","locations":[{"start":{"line":4,"column":11},"end":{"line":4,"column":32}},{"start":{"line":4,"column":36},"end":{"line":4,"column":43}}],"line":4},"2":{"loc":{"start":{"line":8,"column":12},"end":{"line":8,"column":42}},"type":"binary-expr","locations":[{"start":{"line":8,"column":12},"end":{"line":8,"column":35}},{"start":{"line":8,"column":39},"end":{"line":8,"column":42}}],"line":8},"3":{"loc":{"start":{"line":14,"column":15},"end":{"line":14,"column":66}},"type":"binary-expr","locations":[{"start":{"line":14,"column":15},"end":{"line":14,"column":41}},{"start":{"line":14,"column":45},"end":{"line":14,"column":66}}],"line":14},"4":{"loc":{"start":{"line":15,"column":19},"end":{"line":15,"column":59}},"type":"binary-expr","locations":[{"start":{"line":15,"column":19},"end":{"line":15,"column":49}},{"start":{"line":15,"column":53},"end":{"line":15,"column":59}}],"line":15},"5":{"loc":{"start":{"line":16,"column":26},"end":{"line":16,"column":68}},"type":"binary-expr","locations":[{"start":{"line":16,"column":26},"end":{"line":16,"column":55}},{"start":{"line":16,"column":59},"end":{"line":16,"column":68}}],"line":16}},"s":{"0":1,"1":1},"f":{},"b":{"0":[1,0],"1":[1,1],"2":[1,1],"3":[1,1],"4":[1,1],"5":[1,1]},"_coverageSchema":"1a1c01bbd47fc00a2c39e90264f33305004495a9","hash":"5771a54baf03cb3cf8577e52179a925ad37a798f"}
,"/Users/devang/Documents/local_rabbit/server/src/index.js": {"path":"/Users/devang/Documents/local_rabbit/server/src/index.js","statementMap":{"0":{"start":{"line":1,"column":11},"end":{"line":1,"column":24}},"1":{"start":{"line":2,"column":13},"end":{"line":2,"column":28}},"2":{"start":{"line":3,"column":15},"end":{"line":3,"column":40}},"3":{"start":{"line":6,"column":16},"end":{"line":6,"column":50}},"4":{"start":{"line":7,"column":0},"end":{"line":9,"column":1}},"5":{"start":{"line":8,"column":2},"end":{"line":8,"column":45}},"6":{"start":{"line":12,"column":0},"end":{"line":12,"column":34}},"7":{"start":{"line":13,"column":0},"end":{"line":13,"column":35}},"8":{"start":{"line":14,"column":0},"end":{"line":14,"column":38}},"9":{"start":{"line":15,"column":0},"end":{"line":15,"column":37}},"10":{"start":{"line":16,"column":0},"end":{"line":16,"column":50}}},"fnMap":{},"branchMap":{"0":{"loc":{"start":{"line":7,"column":0},"end":{"line":9,"column":1}},"type":"if","locations":[{"start":{"line":7,"column":0},"end":{"line":9,"column":1}},{"start":{},"end":{}}],"line":7}},"s":{"0":0,"1":0,"2":0,"3":0,"4":0,"5":0,"6":0,"7":0,"8":0,"9":0,"10":0},"f":{},"b":{"0":[0,0]}}
,"/Users/devang/Documents/local_rabbit/server/src/controllers/diffController.js": {"path":"/Users/devang/Documents/local_rabbit/server/src/controllers/diffController.js","statementMap":{"0":{"start":{"line":1,"column":19},"end":{"line":1,"column":52}},"1":{"start":{"line":2,"column":24},"end":{"line":2,"column":62}},"2":{"start":{"line":3,"column":15},"end":{"line":3,"column":41}},"3":{"start":{"line":6,"column":19},"end":{"line":6,"column":35}},"4":{"start":{"line":7,"column":24},"end":{"line":7,"column":45}},"5":{"start":{"line":10,"column":0},"end":{"line":18,"column":3}},"6":{"start":{"line":11,"column":2},"end":{"line":13,"column":3}},"7":{"start":{"line":12,"column":4},"end":{"line":12,"column":42}},"8":{"start":{"line":14,"column":2},"end":{"line":14,"column":18}},"9":{"start":{"line":16,"column":2},"end":{"line":16,"column":53}},"10":{"start":{"line":17,"column":2},"end":{"line":17,"column":12}},"11":{"start":{"line":25,"column":0},"end":{"line":50,"column":2}},"12":{"start":{"line":26,"column":2},"end":{"line":49,"column":3}},"13":{"start":{"line":27,"column":37},"end":{"line":27,"column":45}},"14":{"start":{"line":29,"column":4},"end":{"line":31,"column":5}},"15":{"start":{"line":30,"column":6},"end":{"line":30,"column":71}},"16":{"start":{"line":33,"column":4},"end":{"line":35,"column":5}},"17":{"start":{"line":34,"column":6},"end":{"line":34,"column":80}},"18":{"start":{"line":38,"column":17},"end":{"line":38,"column":63}},"19":{"start":{"line":40,"column":4},"end":{"line":45,"column":7}},"20":{"start":{"line":47,"column":4},"end":{"line":47,"column":47}},"21":{"start":{"line":48,"column":4},"end":{"line":48,"column":89}},"22":{"start":{"line":57,"column":0},"end":{"line":85,"column":2}},"23":{"start":{"line":58,"column":2},"end":{"line":84,"column":3}},"24":{"start":{"line":59,"column":37},"end":{"line":59,"column":45}},"25":{"start":{"line":61,"column":4},"end":{"line":63,"column":5}},"26":{"start":{"line":62,"column":6},"end":{"line":62,"column":71}},"27":{"start":{"line":65,"column":4},"end":{"line":67,"column":5}},"28":{"start":{"line":66,"column":6},"end":{"line":66,"column":80}},"29":{"start":{"line":70,"column":17},"end":{"line":70,"column":63}},"30":{"start":{"line":73,"column":21},"end":{"line":73,"column":60}},"31":{"start":{"line":75,"column":4},"end":{"line":80,"column":7}},"32":{"start":{"line":82,"column":4},"end":{"line":82,"column":49}},"33":{"start":{"line":83,"column":4},"end":{"line":83,"column":93}}},"fnMap":{"0":{"name":"(anonymous_0)","decl":{"start":{"line":10,"column":28},"end":{"line":10,"column":29}},"loc":{"start":{"line":10,"column":42},"end":{"line":15,"column":1}},"line":10},"1":{"name":"(anonymous_1)","decl":{"start":{"line":15,"column":9},"end":{"line":15,"column":10}},"loc":{"start":{"line":15,"column":18},"end":{"line":18,"column":1}},"line":15},"2":{"name":"(anonymous_2)","decl":{"start":{"line":25,"column":18},"end":{"line":25,"column":19}},"loc":{"start":{"line":25,"column":38},"end":{"line":50,"column":1}},"line":25},"3":{"name":"(anonymous_3)","decl":{"start":{"line":57,"column":22},"end":{"line":57,"column":23}},"loc":{"start":{"line":57,"column":42},"end":{"line":85,"column":1}},"line":57}},"branchMap":{"0":{"loc":{"start":{"line":11,"column":2},"end":{"line":13,"column":3}},"type":"if","locations":[{"start":{"line":11,"column":2},"end":{"line":13,"column":3}},{"start":{},"end":{}}],"line":11},"1":{"loc":{"start":{"line":29,"column":4},"end":{"line":31,"column":5}},"type":"if","locations":[{"start":{"line":29,"column":4},"end":{"line":31,"column":5}},{"start":{},"end":{}}],"line":29},"2":{"loc":{"start":{"line":33,"column":4},"end":{"line":35,"column":5}},"type":"if","locations":[{"start":{"line":33,"column":4},"end":{"line":35,"column":5}},{"start":{},"end":{}}],"line":33},"3":{"loc":{"start":{"line":33,"column":8},"end":{"line":33,"column":32}},"type":"binary-expr","locations":[{"start":{"line":33,"column":8},"end":{"line":33,"column":19}},{"start":{"line":33,"column":23},"end":{"line":33,"column":32}}],"line":33},"4":{"loc":{"start":{"line":61,"column":4},"end":{"line":63,"column":5}},"type":"if","locations":[{"start":{"line":61,"column":4},"end":{"line":63,"column":5}},{"start":{},"end":{}}],"line":61},"5":{"loc":{"start":{"line":65,"column":4},"end":{"line":67,"column":5}},"type":"if","locations":[{"start":{"line":65,"column":4},"end":{"line":67,"column":5}},{"start":{},"end":{}}],"line":65},"6":{"loc":{"start":{"line":65,"column":8},"end":{"line":65,"column":32}},"type":"binary-expr","locations":[{"start":{"line":65,"column":8},"end":{"line":65,"column":19}},{"start":{"line":65,"column":23},"end":{"line":65,"column":32}}],"line":65}},"s":{"0":0,"1":0,"2":0,"3":0,"4":0,"5":0,"6":0,"7":0,"8":0,"9":0,"10":0,"11":0,"12":0,"13":0,"14":0,"15":0,"16":0,"17":0,"18":0,"19":0,"20":0,"21":0,"22":0,"23":0,"24":0,"25":0,"26":0,"27":0,"28":0,"29":0,"30":0,"31":0,"32":0,"33":0},"f":{"0":0,"1":0,"2":0,"3":0},"b":{"0":[0,0],"1":[0,0],"2":[0,0],"3":[0,0],"4":[0,0],"5":[0,0],"6":[0,0]}}
,"/Users/devang/Documents/local_rabbit/server/src/controllers/repositoryController.js": {"path":"/Users/devang/Documents/local_rabbit/server/src/controllers/repositoryController.js","statementMap":{"0":{"start":{"line":1,"column":13},"end":{"line":1,"column":28}},"1":{"start":{"line":2,"column":19},"end":{"line":2,"column":52}},"2":{"start":{"line":3,"column":15},"end":{"line":3,"column":41}},"3":{"start":{"line":4,"column":11},"end":{"line":4,"column":24}},"4":{"start":{"line":7,"column":19},"end":{"line":7,"column":35}},"5":{"start":{"line":10,"column":0},"end":{"line":13,"column":3}},"6":{"start":{"line":11,"column":2},"end":{"line":11,"column":53}},"7":{"start":{"line":12,"column":2},"end":{"line":12,"column":12}},"8":{"start":{"line":20,"column":20},"end":{"line":34,"column":1}},"9":{"start":{"line":21,"column":2},"end":{"line":21,"column":33}},"10":{"start":{"line":21,"column":17},"end":{"line":21,"column":33}},"11":{"start":{"line":24,"column":2},"end":{"line":26,"column":3}},"12":{"start":{"line":25,"column":4},"end":{"line":25,"column":58}},"13":{"start":{"line":29,"column":2},"end":{"line":31,"column":3}},"14":{"start":{"line":30,"column":4},"end":{"line":30,"column":24}},"15":{"start":{"line":33,"column":2},"end":{"line":33,"column":18}},"16":{"start":{"line":41,"column":0},"end":{"line":49,"column":2}},"17":{"start":{"line":42,"column":2},"end":{"line":48,"column":3}},"18":{"start":{"line":43,"column":25},"end":{"line":43,"column":60}},"19":{"start":{"line":44,"column":4},"end":{"line":44,"column":27}},"20":{"start":{"line":46,"column":4},"end":{"line":46,"column":55}},"21":{"start":{"line":47,"column":4},"end":{"line":47,"column":66}},"22":{"start":{"line":56,"column":0},"end":{"line":84,"column":2}},"23":{"start":{"line":57,"column":29},"end":{"line":57,"column":37}},"24":{"start":{"line":59,"column":2},"end":{"line":61,"column":3}},"25":{"start":{"line":60,"column":4},"end":{"line":60,"column":74}},"26":{"start":{"line":63,"column":2},"end":{"line":83,"column":3}},"27":{"start":{"line":64,"column":20},"end":{"line":64,"column":58}},"28":{"start":{"line":65,"column":4},"end":{"line":67,"column":5}},"29":{"start":{"line":66,"column":6},"end":{"line":66,"column":75}},"30":{"start":{"line":69,"column":4},"end":{"line":69,"column":37}},"31":{"start":{"line":70,"column":21},"end":{"line":70,"column":51}},"32":{"start":{"line":71,"column":20},"end":{"line":71,"column":55}},"33":{"start":{"line":73,"column":4},"end":{"line":73,"column":33}},"34":{"start":{"line":75,"column":4},"end":{"line":79,"column":7}},"35":{"start":{"line":81,"column":4},"end":{"line":81,"column":53}},"36":{"start":{"line":82,"column":4},"end":{"line":82,"column":64}},"37":{"start":{"line":91,"column":0},"end":{"line":108,"column":2}},"38":{"start":{"line":92,"column":2},"end":{"line":94,"column":3}},"39":{"start":{"line":93,"column":4},"end":{"line":93,"column":69}},"40":{"start":{"line":96,"column":2},"end":{"line":107,"column":3}},"41":{"start":{"line":97,"column":21},"end":{"line":97,"column":51}},"42":{"start":{"line":98,"column":20},"end":{"line":98,"column":55}},"43":{"start":{"line":100,"column":4},"end":{"line":103,"column":7}},"44":{"start":{"line":105,"column":4},"end":{"line":105,"column":51}},"45":{"start":{"line":106,"column":4},"end":{"line":106,"column":62}},"46":{"start":{"line":115,"column":0},"end":{"line":134,"column":2}},"47":{"start":{"line":116,"column":2},"end":{"line":133,"column":3}},"48":{"start":{"line":117,"column":4},"end":{"line":119,"column":5}},"49":{"start":{"line":118,"column":6},"end":{"line":118,"column":71}},"50":{"start":{"line":121,"column":21},"end":{"line":121,"column":51}},"51":{"start":{"line":122,"column":26},"end":{"line":122,"column":61}},"52":{"start":{"line":124,"column":4},"end":{"line":129,"column":7}},"53":{"start":{"line":131,"column":4},"end":{"line":131,"column":58}},"54":{"start":{"line":132,"column":4},"end":{"line":132,"column":100}}},"fnMap":{"0":{"name":"(anonymous_0)","decl":{"start":{"line":10,"column":29},"end":{"line":10,"column":30}},"loc":{"start":{"line":10,"column":38},"end":{"line":13,"column":1}},"line":10},"1":{"name":"(anonymous_1)","decl":{"start":{"line":20,"column":20},"end":{"line":20,"column":21}},"loc":{"start":{"line":20,"column":34},"end":{"line":34,"column":1}},"line":20},"2":{"name":"(anonymous_2)","decl":{"start":{"line":41,"column":26},"end":{"line":41,"column":27}},"loc":{"start":{"line":41,"column":46},"end":{"line":49,"column":1}},"line":41},"3":{"name":"(anonymous_3)","decl":{"start":{"line":56,"column":24},"end":{"line":56,"column":25}},"loc":{"start":{"line":56,"column":44},"end":{"line":84,"column":1}},"line":56},"4":{"name":"(anonymous_4)","decl":{"start":{"line":91,"column":22},"end":{"line":91,"column":23}},"loc":{"start":{"line":91,"column":42},"end":{"line":108,"column":1}},"line":91},"5":{"name":"(anonymous_5)","decl":{"start":{"line":115,"column":28},"end":{"line":115,"column":29}},"loc":{"start":{"line":115,"column":48},"end":{"line":134,"column":1}},"line":115}},"branchMap":{"0":{"loc":{"start":{"line":21,"column":2},"end":{"line":21,"column":33}},"type":"if","locations":[{"start":{"line":21,"column":2},"end":{"line":21,"column":33}},{"start":{},"end":{}}],"line":21},"1":{"loc":{"start":{"line":24,"column":2},"end":{"line":26,"column":3}},"type":"if","locations":[{"start":{"line":24,"column":2},"end":{"line":26,"column":3}},{"start":{},"end":{}}],"line":24},"2":{"loc":{"start":{"line":24,"column":6},"end":{"line":24,"column":61}},"type":"binary-expr","locations":[{"start":{"line":24,"column":6},"end":{"line":24,"column":31}},{"start":{"line":24,"column":35},"end":{"line":24,"column":61}}],"line":24},"3":{"loc":{"start":{"line":29,"column":2},"end":{"line":31,"column":3}},"type":"if","locations":[{"start":{"line":29,"column":2},"end":{"line":31,"column":3}},{"start":{},"end":{}}],"line":29},"4":{"loc":{"start":{"line":59,"column":2},"end":{"line":61,"column":3}},"type":"if","locations":[{"start":{"line":59,"column":2},"end":{"line":61,"column":3}},{"start":{},"end":{}}],"line":59},"5":{"loc":{"start":{"line":65,"column":4},"end":{"line":67,"column":5}},"type":"if","locations":[{"start":{"line":65,"column":4},"end":{"line":67,"column":5}},{"start":{},"end":{}}],"line":65},"6":{"loc":{"start":{"line":92,"column":2},"end":{"line":94,"column":3}},"type":"if","locations":[{"start":{"line":92,"column":2},"end":{"line":94,"column":3}},{"start":{},"end":{}}],"line":92},"7":{"loc":{"start":{"line":117,"column":4},"end":{"line":119,"column":5}},"type":"if","locations":[{"start":{"line":117,"column":4},"end":{"line":119,"column":5}},{"start":{},"end":{}}],"line":117},"8":{"loc":{"start":{"line":127,"column":16},"end":{"line":127,"column":34}},"type":"binary-expr","locations":[{"start":{"line":127,"column":16},"end":{"line":127,"column":28}},{"start":{"line":127,"column":32},"end":{"line":127,"column":34}}],"line":127}},"s":{"0":0,"1":0,"2":0,"3":0,"4":0,"5":0,"6":0,"7":0,"8":0,"9":0,"10":0,"11":0,"12":0,"13":0,"14":0,"15":0,"16":0,"17":0,"18":0,"19":0,"20":0,"21":0,"22":0,"23":0,"24":0,"25":0,"26":0,"27":0,"28":0,"29":0,"30":0,"31":0,"32":0,"33":0,"34":0,"35":0,"36":0,"37":0,"38":0,"39":0,"40":0,"41":0,"42":0,"43":0,"44":0,"45":0,"46":0,"47":0,"48":0,"49":0,"50":0,"51":0,"52":0,"53":0,"54":0},"f":{"0":0,"1":0,"2":0,"3":0,"4":0,"5":0},"b":{"0":[0,0],"1":[0,0],"2":[0,0],"3":[0,0],"4":[0,0],"5":[0,0],"6":[0,0],"7":[0,0],"8":[0,0]}}
,"/Users/devang/Documents/local_rabbit/server/src/middleware/cors.js": {"path":"/Users/devang/Documents/local_rabbit/server/src/middleware/cors.js","statementMap":{"0":{"start":{"line":1,"column":13},"end":{"line":1,"column":28}},"1":{"start":{"line":2,"column":15},"end":{"line":2,"column":35}},"2":{"start":{"line":7,"column":23},"end":{"line":13,"column":2}},"3":{"start":{"line":15,"column":0},"end":{"line":15,"column":32}}},"fnMap":{},"branchMap":{},"s":{"0":0,"1":0,"2":0,"3":0},"f":{},"b":{}}
,"/Users/devang/Documents/local_rabbit/server/src/middleware/errorHandler.js": {"path":"/Users/devang/Documents/local_rabbit/server/src/middleware/errorHandler.js","statementMap":{"0":{"start":{"line":1,"column":15},"end":{"line":1,"column":41}},"1":{"start":{"line":2,"column":15},"end":{"line":2,"column":35}},"2":{"start":{"line":11,"column":21},"end":{"line":32,"column":1}},"3":{"start":{"line":12,"column":24},"end":{"line":12,"column":62}},"4":{"start":{"line":14,"column":2},"end":{"line":19,"column":5}},"5":{"start":{"line":21,"column":17},"end":{"line":21,"column":34}},"6":{"start":{"line":22,"column":19},"end":{"line":25,"column":3}},"7":{"start":{"line":27,"column":2},"end":{"line":29,"column":3}},"8":{"start":{"line":28,"column":4},"end":{"line":28,"column":31}},"9":{"start":{"line":31,"column":2},"end":{"line":31,"column":36}},"10":{"start":{"line":34,"column":0},"end":{"line":34,"column":30}}},"fnMap":{"0":{"name":"(anonymous_0)","decl":{"start":{"line":11,"column":21},"end":{"line":11,"column":22}},"loc":{"start":{"line":11,"column":46},"end":{"line":32,"column":1}},"line":11}},"branchMap":{"0":{"loc":{"start":{"line":21,"column":17},"end":{"line":21,"column":34}},"type":"binary-expr","locations":[{"start":{"line":21,"column":17},"end":{"line":21,"column":27}},{"start":{"line":21,"column":31},"end":{"line":21,"column":34}}],"line":21},"1":{"loc":{"start":{"line":24,"column":13},"end":{"line":24,"column":65}},"type":"cond-expr","locations":[{"start":{"line":24,"column":29},"end":{"line":24,"column":40}},{"start":{"line":24,"column":43},"end":{"line":24,"column":65}}],"line":24},"2":{"loc":{"start":{"line":27,"column":2},"end":{"line":29,"column":3}},"type":"if","locations":[{"start":{"line":27,"column":2},"end":{"line":29,"column":3}},{"start":{},"end":{}}],"line":27}},"s":{"0":0,"1":0,"2":0,"3":0,"4":0,"5":0,"6":0,"7":0,"8":0,"9":0,"10":0},"f":{"0":0},"b":{"0":[0,0],"1":[0,0],"2":[0,0]}}
,"/Users/devang/Documents/local_rabbit/server/src/middleware/requestLogger.js": {"path":"/Users/devang/Documents/local_rabbit/server/src/middleware/requestLogger.js","statementMap":{"0":{"start":{"line":1,"column":15},"end":{"line":1,"column":41}},"1":{"start":{"line":9,"column":22},"end":{"line":35,"column":1}},"2":{"start":{"line":10,"column":16},"end":{"line":10,"column":26}},"3":{"start":{"line":13,"column":2},"end":{"line":18,"column":5}},"4":{"start":{"line":21,"column":2},"end":{"line":32,"column":5}},"5":{"start":{"line":22,"column":21},"end":{"line":22,"column":39}},"6":{"start":{"line":24,"column":22},"end":{"line":24,"column":61}},"7":{"start":{"line":26,"column":4},"end":{"line":31,"column":7}},"8":{"start":{"line":34,"column":2},"end":{"line":34,"column":9}},"9":{"start":{"line":37,"column":0},"end":{"line":37,"column":31}}},"fnMap":{"0":{"name":"(anonymous_0)","decl":{"start":{"line":9,"column":22},"end":{"line":9,"column":23}},"loc":{"start":{"line":9,"column":42},"end":{"line":35,"column":1}},"line":9},"1":{"name":"(anonymous_1)","decl":{"start":{"line":21,"column":19},"end":{"line":21,"column":20}},"loc":{"start":{"line":21,"column":25},"end":{"line":32,"column":3}},"line":21}},"branchMap":{"0":{"loc":{"start":{"line":24,"column":22},"end":{"line":24,"column":61}},"type":"cond-expr","locations":[{"start":{"line":24,"column":46},"end":{"line":24,"column":52}},{"start":{"line":24,"column":55},"end":{"line":24,"column":61}}],"line":24}},"s":{"0":0,"1":0,"2":0,"3":0,"4":0,"5":0,"6":0,"7":0,"8":0,"9":0},"f":{"0":0,"1":0},"b":{"0":[0,0]}}
,"/Users/devang/Documents/local_rabbit/server/src/routes/diffRoutes.js": {"path":"/Users/devang/Documents/local_rabbit/server/src/routes/diffRoutes.js","statementMap":{"0":{"start":{"line":1,"column":16},"end":{"line":1,"column":34}},"1":{"start":{"line":2,"column":23},"end":{"line":2,"column":63}},"2":{"start":{"line":4,"column":15},"end":{"line":4,"column":31}},"3":{"start":{"line":11,"column":0},"end":{"line":11,"column":45}},"4":{"start":{"line":18,"column":0},"end":{"line":18,"column":57}},"5":{"start":{"line":20,"column":0},"end":{"line":20,"column":24}}},"fnMap":{},"branchMap":{},"s":{"0":0,"1":0,"2":0,"3":0,"4":0,"5":0},"f":{},"b":{}}
,"/Users/devang/Documents/local_rabbit/server/src/routes/index.js": {"path":"/Users/devang/Documents/local_rabbit/server/src/routes/index.js","statementMap":{"0":{"start":{"line":1,"column":16},"end":{"line":1,"column":34}},"1":{"start":{"line":2,"column":25},"end":{"line":2,"column":54}},"2":{"start":{"line":3,"column":19},"end":{"line":3,"column":42}},"3":{"start":{"line":5,"column":15},"end":{"line":5,"column":31}},"4":{"start":{"line":8,"column":0},"end":{"line":8,"column":37}},"5":{"start":{"line":9,"column":0},"end":{"line":9,"column":31}},"6":{"start":{"line":12,"column":0},"end":{"line":14,"column":3}},"7":{"start":{"line":13,"column":2},"end":{"line":13,"column":78}},"8":{"start":{"line":16,"column":0},"end":{"line":16,"column":24}}},"fnMap":{"0":{"name":"(anonymous_0)","decl":{"start":{"line":12,"column":22},"end":{"line":12,"column":23}},"loc":{"start":{"line":12,"column":36},"end":{"line":14,"column":1}},"line":12}},"branchMap":{},"s":{"0":0,"1":0,"2":0,"3":0,"4":0,"5":0,"6":0,"7":0,"8":0},"f":{"0":0},"b":{}}
,"/Users/devang/Documents/local_rabbit/server/src/routes/repositoryRoutes.js": {"path":"/Users/devang/Documents/local_rabbit/server/src/routes/repositoryRoutes.js","statementMap":{"0":{"start":{"line":1,"column":16},"end":{"line":1,"column":34}},"1":{"start":{"line":2,"column":29},"end":{"line":2,"column":75}},"2":{"start":{"line":4,"column":15},"end":{"line":4,"column":31}},"3":{"start":{"line":11,"column":0},"end":{"line":11,"column":66}},"4":{"start":{"line":18,"column":0},"end":{"line":18,"column":67}},"5":{"start":{"line":25,"column":0},"end":{"line":25,"column":69}},"6":{"start":{"line":32,"column":0},"end":{"line":32,"column":71}},"7":{"start":{"line":34,"column":0},"end":{"line":34,"column":24}}},"fnMap":{},"branchMap":{},"s":{"0":0,"1":0,"2":0,"3":0,"4":0,"5":0,"6":0,"7":0},"f":{},"b":{}}
,"/Users/devang/Documents/local_rabbit/server/src/services/AnalyzerService.js": {"path":"/Users/devang/Documents/local_rabbit/server/src/services/AnalyzerService.js","statementMap":{"0":{"start":{"line":1,"column":13},"end":{"line":1,"column":28}},"1":{"start":{"line":3,"column":11},"end":{"line":3,"column":33}},"2":{"start":{"line":4,"column":15},"end":{"line":4,"column":41}},"3":{"start":{"line":7,"column":33},"end":{"line":11,"column":3}},"4":{"start":{"line":14,"column":4},"end":{"line":14,"column":29}},"5":{"start":{"line":22,"column":4},"end":{"line":22,"column":29}},"6":{"start":{"line":31,"column":4},"end":{"line":55,"column":5}},"7":{"start":{"line":32,"column":20},"end":{"line":32,"column":57}},"8":{"start":{"line":33,"column":23},"end":{"line":49,"column":7}},"9":{"start":{"line":35,"column":29},"end":{"line":35,"column":70}},"10":{"start":{"line":36,"column":10},"end":{"line":42,"column":12}},"11":{"start":{"line":47,"column":12},"end":{"line":47,"column":65}},"12":{"start":{"line":51,"column":6},"end":{"line":51,"column":22}},"13":{"start":{"line":53,"column":6},"end":{"line":53,"column":51}},"14":{"start":{"line":54,"column":6},"end":{"line":54,"column":48}},"15":{"start":{"line":64,"column":4},"end":{"line":64,"column":31}},"16":{"start":{"line":64,"column":21},"end":{"line":64,"column":31}},"17":{"start":{"line":66,"column":18},"end":{"line":66,"column":20}},"18":{"start":{"line":67,"column":22},"end":{"line":67,"column":26}},"19":{"start":{"line":69,"column":4},"end":{"line":76,"column":7}},"20":{"start":{"line":70,"column":6},"end":{"line":75,"column":7}},"21":{"start":{"line":71,"column":8},"end":{"line":71,"column":49}},"22":{"start":{"line":71,"column":25},"end":{"line":71,"column":49}},"23":{"start":{"line":72,"column":8},"end":{"line":72,"column":38}},"24":{"start":{"line":73,"column":13},"end":{"line":75,"column":7}},"25":{"start":{"line":74,"column":8},"end":{"line":74,"column":39}},"26":{"start":{"line":78,"column":4},"end":{"line":78,"column":45}},"27":{"start":{"line":78,"column":21},"end":{"line":78,"column":45}},"28":{"start":{"line":79,"column":4},"end":{"line":79,"column":17}},"29":{"start":{"line":88,"column":22},"end":{"line":99,"column":5}},"30":{"start":{"line":100,"column":4},"end":{"line":100,"column":45}},"31":{"start":{"line":109,"column":25},"end":{"line":109,"column":56}},"32":{"start":{"line":110,"column":16},"end":{"line":110,"column":17}},"33":{"start":{"line":112,"column":4},"end":{"line":116,"column":5}},"34":{"start":{"line":113,"column":6},"end":{"line":113,"column":16}},"35":{"start":{"line":114,"column":11},"end":{"line":116,"column":5}},"36":{"start":{"line":115,"column":6},"end":{"line":115,"column":16}},"37":{"start":{"line":118,"column":4},"end":{"line":121,"column":6}},"38":{"start":{"line":131,"column":4},"end":{"line":131,"column":46}},"39":{"start":{"line":131,"column":32},"end":{"line":131,"column":46}},"40":{"start":{"line":132,"column":4},"end":{"line":132,"column":48}},"41":{"start":{"line":132,"column":32},"end":{"line":132,"column":48}},"42":{"start":{"line":133,"column":4},"end":{"line":133,"column":17}},"43":{"start":{"line":142,"column":4},"end":{"line":161,"column":5}},"44":{"start":{"line":144,"column":23},"end":{"line":144,"column":55}},"45":{"start":{"line":147,"column":25},"end":{"line":147,"column":55}},"46":{"start":{"line":149,"column":6},"end":{"line":153,"column":8}},"47":{"start":{"line":155,"column":6},"end":{"line":155,"column":64}},"48":{"start":{"line":156,"column":6},"end":{"line":160,"column":8}},"49":{"start":{"line":170,"column":23},"end":{"line":170,"column":35}},"50":{"start":{"line":171,"column":27},"end":{"line":171,"column":79}},"51":{"start":{"line":171,"column":55},"end":{"line":171,"column":75}},"52":{"start":{"line":172,"column":27},"end":{"line":172,"column":79}},"53":{"start":{"line":172,"column":55},"end":{"line":172,"column":75}},"54":{"start":{"line":175,"column":25},"end":{"line":180,"column":5}},"55":{"start":{"line":182,"column":4},"end":{"line":188,"column":7}},"56":{"start":{"line":183,"column":6},"end":{"line":187,"column":7}},"57":{"start":{"line":184,"column":8},"end":{"line":184,"column":53}},"58":{"start":{"line":186,"column":8},"end":{"line":186,"column":34}},"59":{"start":{"line":192,"column":4},"end":{"line":198,"column":5}},"60":{"start":{"line":193,"column":6},"end":{"line":193,"column":29}},"61":{"start":{"line":194,"column":11},"end":{"line":198,"column":5}},"62":{"start":{"line":195,"column":6},"end":{"line":195,"column":31}},"63":{"start":{"line":197,"column":6},"end":{"line":197,"column":28}},"64":{"start":{"line":200,"column":4},"end":{"line":206,"column":6}},"65":{"start":{"line":210,"column":0},"end":{"line":210,"column":33}}},"fnMap":{"0":{"name":"(anonymous_0)","decl":{"start":{"line":13,"column":2},"end":{"line":13,"column":3}},"loc":{"start":{"line":13,"column":29},"end":{"line":15,"column":3}},"line":13},"1":{"name":"(anonymous_1)","decl":{"start":{"line":21,"column":2},"end":{"line":21,"column":3}},"loc":{"start":{"line":21,"column":24},"end":{"line":23,"column":3}},"line":21},"2":{"name":"(anonymous_2)","decl":{"start":{"line":30,"column":2},"end":{"line":30,"column":3}},"loc":{"start":{"line":30,"column":32},"end":{"line":56,"column":3}},"line":30},"3":{"name":"(anonymous_3)","decl":{"start":{"line":34,"column":25},"end":{"line":34,"column":26}},"loc":{"start":{"line":34,"column":33},"end":{"line":43,"column":9}},"line":34},"4":{"name":"(anonymous_4)","decl":{"start":{"line":46,"column":40},"end":{"line":46,"column":41}},"loc":{"start":{"line":47,"column":12},"end":{"line":47,"column":65}},"line":47},"5":{"name":"(anonymous_5)","decl":{"start":{"line":63,"column":2},"end":{"line":63,"column":3}},"loc":{"start":{"line":63,"column":31},"end":{"line":80,"column":3}},"line":63},"6":{"name":"(anonymous_6)","decl":{"start":{"line":69,"column":35},"end":{"line":69,"column":36}},"loc":{"start":{"line":69,"column":43},"end":{"line":76,"column":5}},"line":69},"7":{"name":"(anonymous_7)","decl":{"start":{"line":87,"column":2},"end":{"line":87,"column":3}},"loc":{"start":{"line":87,"column":32},"end":{"line":101,"column":3}},"line":87},"8":{"name":"(anonymous_8)","decl":{"start":{"line":108,"column":2},"end":{"line":108,"column":3}},"loc":{"start":{"line":108,"column":35},"end":{"line":122,"column":3}},"line":108},"9":{"name":"(anonymous_9)","decl":{"start":{"line":130,"column":2},"end":{"line":130,"column":3}},"loc":{"start":{"line":130,"column":48},"end":{"line":134,"column":3}},"line":130},"10":{"name":"(anonymous_10)","decl":{"start":{"line":141,"column":2},"end":{"line":141,"column":3}},"loc":{"start":{"line":141,"column":26},"end":{"line":162,"column":3}},"line":141},"11":{"name":"(anonymous_11)","decl":{"start":{"line":169,"column":2},"end":{"line":169,"column":3}},"loc":{"start":{"line":169,"column":32},"end":{"line":207,"column":3}},"line":169},"12":{"name":"(anonymous_12)","decl":{"start":{"line":171,"column":40},"end":{"line":171,"column":41}},"loc":{"start":{"line":171,"column":55},"end":{"line":171,"column":75}},"line":171},"13":{"name":"(anonymous_13)","decl":{"start":{"line":172,"column":40},"end":{"line":172,"column":41}},"loc":{"start":{"line":172,"column":55},"end":{"line":172,"column":75}},"line":172},"14":{"name":"(anonymous_14)","decl":{"start":{"line":182,"column":18},"end":{"line":182,"column":19}},"loc":{"start":{"line":182,"column":28},"end":{"line":188,"column":5}},"line":182}},"branchMap":{"0":{"loc":{"start":{"line":13,"column":14},"end":{"line":13,"column":27}},"type":"default-arg","locations":[{"start":{"line":13,"column":25},"end":{"line":13,"column":27}}],"line":13},"1":{"loc":{"start":{"line":64,"column":4},"end":{"line":64,"column":31}},"type":"if","locations":[{"start":{"line":64,"column":4},"end":{"line":64,"column":31}},{"start":{},"end":{}}],"line":64},"2":{"loc":{"start":{"line":70,"column":6},"end":{"line":75,"column":7}},"type":"if","locations":[{"start":{"line":70,"column":6},"end":{"line":75,"column":7}},{"start":{"line":73,"column":13},"end":{"line":75,"column":7}}],"line":70},"3":{"loc":{"start":{"line":71,"column":8},"end":{"line":71,"column":49}},"type":"if","locations":[{"start":{"line":71,"column":8},"end":{"line":71,"column":49}},{"start":{},"end":{}}],"line":71},"4":{"loc":{"start":{"line":73,"column":13},"end":{"line":75,"column":7}},"type":"if","locations":[{"start":{"line":73,"column":13},"end":{"line":75,"column":7}},{"start":{},"end":{}}],"line":73},"5":{"loc":{"start":{"line":78,"column":4},"end":{"line":78,"column":45}},"type":"if","locations":[{"start":{"line":78,"column":4},"end":{"line":78,"column":45}},{"start":{},"end":{}}],"line":78},"6":{"loc":{"start":{"line":100,"column":11},"end":{"line":100,"column":44}},"type":"binary-expr","locations":[{"start":{"line":100,"column":11},"end":{"line":100,"column":31}},{"start":{"line":100,"column":35},"end":{"line":100,"column":44}}],"line":100},"7":{"loc":{"start":{"line":112,"column":4},"end":{"line":116,"column":5}},"type":"if","locations":[{"start":{"line":112,"column":4},"end":{"line":116,"column":5}},{"start":{"line":114,"column":11},"end":{"line":116,"column":5}}],"line":112},"8":{"loc":{"start":{"line":114,"column":11},"end":{"line":116,"column":5}},"type":"if","locations":[{"start":{"line":114,"column":11},"end":{"line":116,"column":5}},{"start":{},"end":{}}],"line":114},"9":{"loc":{"start":{"line":131,"column":4},"end":{"line":131,"column":46}},"type":"if","locations":[{"start":{"line":131,"column":4},"end":{"line":131,"column":46}},{"start":{},"end":{}}],"line":131},"10":{"loc":{"start":{"line":132,"column":4},"end":{"line":132,"column":48}},"type":"if","locations":[{"start":{"line":132,"column":4},"end":{"line":132,"column":48}},{"start":{},"end":{}}],"line":132},"11":{"loc":{"start":{"line":183,"column":6},"end":{"line":187,"column":7}},"type":"if","locations":[{"start":{"line":183,"column":6},"end":{"line":187,"column":7}},{"start":{"line":185,"column":13},"end":{"line":187,"column":7}}],"line":183},"12":{"loc":{"start":{"line":183,"column":10},"end":{"line":183,"column":52}},"type":"binary-expr","locations":[{"start":{"line":183,"column":10},"end":{"line":183,"column":23}},{"start":{"line":183,"column":27},"end":{"line":183,"column":52}}],"line":183},"13":{"loc":{"start":{"line":192,"column":4},"end":{"line":198,"column":5}},"type":"if","locations":[{"start":{"line":192,"column":4},"end":{"line":198,"column":5}},{"start":{"line":194,"column":11},"end":{"line":198,"column":5}}],"line":192},"14":{"loc":{"start":{"line":194,"column":11},"end":{"line":198,"column":5}},"type":"if","locations":[{"start":{"line":194,"column":11},"end":{"line":198,"column":5}},{"start":{"line":196,"column":11},"end":{"line":198,"column":5}}],"line":194}},"s":{"0":1,"1":1,"2":1,"3":1,"4":1,"5":0,"6":4,"7":4,"8":4,"9":1001,"10":1001,"11":1001,"12":4,"13":0,"14":0,"15":5,"16":1,"17":4,"18":4,"19":4,"20":1012,"21":1002,"22":999,"23":1002,"24":10,"25":9,"26":4,"27":3,"28":4,"29":1005,"30":1005,"31":2006,"32":2006,"33":2006,"34":1,"35":2005,"36":1,"37":2006,"38":1004,"39":1,"40":1003,"41":1,"42":1002,"43":0,"44":0,"45":0,"46":0,"47":0,"48":0,"49":0,"50":0,"51":0,"52":0,"53":0,"54":0,"55":0,"56":0,"57":0,"58":0,"59":0,"60":0,"61":0,"62":0,"63":0,"64":0,"65":1},"f":{"0":1,"1":0,"2":4,"3":1001,"4":1001,"5":5,"6":1012,"7":1005,"8":2006,"9":1004,"10":0,"11":0,"12":0,"13":0,"14":0},"b":{"0":[1],"1":[1,4],"2":[1002,10],"3":[999,3],"4":[9,1],"5":[3,1],"6":[1005,1003],"7":[1,2005],"8":[1,2004],"9":[1,1003],"10":[1,1002],"11":[0,0],"12":[0,0],"13":[0,0],"14":[0,0]},"_coverageSchema":"1a1c01bbd47fc00a2c39e90264f33305004495a9","hash":"a5b23dde9b951b6b2bdef5257e24d0fb015ae6d7"}
,"/Users/devang/Documents/local_rabbit/server/src/services/GitService.js": {"path":"/Users/devang/Documents/local_rabbit/server/src/services/GitService.js","statementMap":{"0":{"start":{"line":1,"column":18},"end":{"line":1,"column":39}},"1":{"start":{"line":2,"column":13},"end":{"line":2,"column":28}},"2":{"start":{"line":3,"column":11},"end":{"line":3,"column":33}},"3":{"start":{"line":4,"column":15},"end":{"line":4,"column":28}},"4":{"start":{"line":5,"column":11},"end":{"line":5,"column":24}},"5":{"start":{"line":6,"column":15},"end":{"line":6,"column":41}},"6":{"start":{"line":7,"column":15},"end":{"line":7,"column":35}},"7":{"start":{"line":10,"column":21},"end":{"line":33,"column":1}},"8":{"start":{"line":11,"column":2},"end":{"line":11,"column":30}},"9":{"start":{"line":11,"column":17},"end":{"line":11,"column":30}},"10":{"start":{"line":13,"column":25},"end":{"line":13,"column":49}},"11":{"start":{"line":16,"column":2},"end":{"line":16,"column":50}},"12":{"start":{"line":16,"column":37},"end":{"line":16,"column":50}},"13":{"start":{"line":19,"column":2},"end":{"line":24,"column":3}},"14":{"start":{"line":20,"column":4},"end":{"line":23,"column":7}},"15":{"start":{"line":21,"column":36},"end":{"line":21,"column":63}},"16":{"start":{"line":22,"column":6},"end":{"line":22,"column":62}},"17":{"start":{"line":27,"column":26},"end":{"line":30,"column":3}},"18":{"start":{"line":32,"column":2},"end":{"line":32,"column":79}},"19":{"start":{"line":32,"column":43},"end":{"line":32,"column":77}},"20":{"start":{"line":37,"column":4},"end":{"line":37,"column":29}},"21":{"start":{"line":38,"column":4},"end":{"line":38,"column":35}},"22":{"start":{"line":39,"column":4},"end":{"line":39,"column":80}},"23":{"start":{"line":47,"column":4},"end":{"line":47,"column":29}},"24":{"start":{"line":48,"column":4},"end":{"line":48,"column":35}},"25":{"start":{"line":56,"column":4},"end":{"line":61,"column":5}},"26":{"start":{"line":57,"column":6},"end":{"line":57,"column":42}},"27":{"start":{"line":59,"column":6},"end":{"line":59,"column":59}},"28":{"start":{"line":60,"column":6},"end":{"line":60,"column":19}},"29":{"start":{"line":69,"column":4},"end":{"line":74,"column":5}},"30":{"start":{"line":70,"column":6},"end":{"line":70,"column":37}},"31":{"start":{"line":72,"column":6},"end":{"line":72,"column":53}},"32":{"start":{"line":73,"column":6},"end":{"line":73,"column":18}},"33":{"start":{"line":82,"column":4},"end":{"line":88,"column":5}},"34":{"start":{"line":83,"column":26},"end":{"line":83,"column":49}},"35":{"start":{"line":84,"column":6},"end":{"line":84,"column":21}},"36":{"start":{"line":86,"column":6},"end":{"line":86,"column":59}},"37":{"start":{"line":87,"column":6},"end":{"line":87,"column":18}},"38":{"start":{"line":98,"column":4},"end":{"line":103,"column":5}},"39":{"start":{"line":99,"column":6},"end":{"line":99,"column":57}},"40":{"start":{"line":101,"column":6},"end":{"line":101,"column":49}},"41":{"start":{"line":102,"column":6},"end":{"line":102,"column":18}},"42":{"start":{"line":111,"column":4},"end":{"line":135,"column":5}},"43":{"start":{"line":112,"column":6},"end":{"line":112,"column":61}},"44":{"start":{"line":115,"column":6},"end":{"line":118,"column":7}},"45":{"start":{"line":116,"column":8},"end":{"line":116,"column":48}},"46":{"start":{"line":117,"column":8},"end":{"line":117,"column":18}},"47":{"start":{"line":121,"column":6},"end":{"line":129,"column":7}},"48":{"start":{"line":123,"column":21},"end":{"line":123,"column":66}},"49":{"start":{"line":124,"column":22},"end":{"line":124,"column":38}},"50":{"start":{"line":125,"column":8},"end":{"line":125,"column":45}},"51":{"start":{"line":126,"column":8},"end":{"line":126,"column":44}},"52":{"start":{"line":127,"column":8},"end":{"line":127,"column":62}},"53":{"start":{"line":128,"column":8},"end":{"line":128,"column":29}},"54":{"start":{"line":130,"column":6},"end":{"line":130,"column":46}},"55":{"start":{"line":131,"column":6},"end":{"line":131,"column":16}},"56":{"start":{"line":133,"column":6},"end":{"line":133,"column":50}},"57":{"start":{"line":134,"column":6},"end":{"line":134,"column":16}},"58":{"start":{"line":143,"column":4},"end":{"line":157,"column":5}},"59":{"start":{"line":144,"column":6},"end":{"line":144,"column":60}},"60":{"start":{"line":147,"column":6},"end":{"line":149,"column":7}},"61":{"start":{"line":148,"column":8},"end":{"line":148,"column":51}},"62":{"start":{"line":152,"column":6},"end":{"line":152,"column":90}},"63":{"start":{"line":153,"column":6},"end":{"line":153,"column":46}},"64":{"start":{"line":155,"column":6},"end":{"line":155,"column":49}},"65":{"start":{"line":156,"column":6},"end":{"line":156,"column":18}},"66":{"start":{"line":165,"column":4},"end":{"line":255,"column":5}},"67":{"start":{"line":166,"column":22},"end":{"line":166,"column":34}},"68":{"start":{"line":168,"column":25},"end":{"line":174,"column":7}},"69":{"start":{"line":177,"column":25},"end":{"line":177,"column":38}},"70":{"start":{"line":178,"column":6},"end":{"line":178,"column":48}},"71":{"start":{"line":180,"column":6},"end":{"line":180,"column":76}},"72":{"start":{"line":182,"column":27},"end":{"line":182,"column":29}},"73":{"start":{"line":183,"column":24},"end":{"line":183,"column":26}},"74":{"start":{"line":186,"column":6},"end":{"line":198,"column":7}},"75":{"start":{"line":187,"column":8},"end":{"line":197,"column":9}},"76":{"start":{"line":188,"column":10},"end":{"line":196,"column":11}},"77":{"start":{"line":190,"column":28},"end":{"line":190,"column":64}},"78":{"start":{"line":190,"column":59},"end":{"line":190,"column":63}},"79":{"start":{"line":191,"column":12},"end":{"line":193,"column":13}},"80":{"start":{"line":192,"column":14},"end":{"line":192,"column":34}},"81":{"start":{"line":195,"column":12},"end":{"line":195,"column":75}},"82":{"start":{"line":200,"column":6},"end":{"line":200,"column":61}},"83":{"start":{"line":203,"column":6},"end":{"line":248,"column":7}},"84":{"start":{"line":204,"column":8},"end":{"line":247,"column":9}},"85":{"start":{"line":207,"column":24},"end":{"line":210,"column":12}},"86":{"start":{"line":208,"column":12},"end":{"line":208,"column":72}},"87":{"start":{"line":209,"column":12},"end":{"line":209,"column":22}},"88":{"start":{"line":212,"column":10},"end":{"line":212,"column":48}},"89":{"start":{"line":212,"column":39},"end":{"line":212,"column":48}},"90":{"start":{"line":214,"column":26},"end":{"line":216,"column":53}},"91":{"start":{"line":215,"column":30},"end":{"line":215,"column":48}},"92":{"start":{"line":216,"column":27},"end":{"line":216,"column":52}},"93":{"start":{"line":219,"column":29},"end":{"line":219,"column":57}},"94":{"start":{"line":220,"column":10},"end":{"line":220,"column":73}},"95":{"start":{"line":222,"column":10},"end":{"line":244,"column":11}},"96":{"start":{"line":222,"column":23},"end":{"line":222,"column":24}},"97":{"start":{"line":223,"column":27},"end":{"line":223,"column":37}},"98":{"start":{"line":224,"column":12},"end":{"line":243,"column":13}},"99":{"start":{"line":226,"column":14},"end":{"line":226,"column":50}},"100":{"start":{"line":226,"column":41},"end":{"line":226,"column":50}},"101":{"start":{"line":228,"column":29},"end":{"line":228,"column":54}},"102":{"start":{"line":229,"column":14},"end":{"line":229,"column":50}},"103":{"start":{"line":229,"column":41},"end":{"line":229,"column":50}},"104":{"start":{"line":233,"column":33},"end":{"line":233,"column":72}},"105":{"start":{"line":233,"column":67},"end":{"line":233,"column":71}},"106":{"start":{"line":234,"column":14},"end":{"line":234,"column":69}},"107":{"start":{"line":234,"column":60},"end":{"line":234,"column":69}},"108":{"start":{"line":237,"column":14},"end":{"line":240,"column":17}},"109":{"start":{"line":242,"column":14},"end":{"line":242,"column":81}},"110":{"start":{"line":246,"column":10},"end":{"line":246,"column":75}},"111":{"start":{"line":250,"column":6},"end":{"line":250,"column":63}},"112":{"start":{"line":251,"column":6},"end":{"line":251,"column":26}},"113":{"start":{"line":253,"column":6},"end":{"line":253,"column":57}},"114":{"start":{"line":254,"column":6},"end":{"line":254,"column":16}},"115":{"start":{"line":264,"column":4},"end":{"line":269,"column":5}},"116":{"start":{"line":265,"column":18},"end":{"line":265,"column":36}},"117":{"start":{"line":266,"column":6},"end":{"line":266,"column":37}},"118":{"start":{"line":268,"column":6},"end":{"line":268,"column":19}},"119":{"start":{"line":279,"column":4},"end":{"line":284,"column":5}},"120":{"start":{"line":280,"column":6},"end":{"line":280,"column":57}},"121":{"start":{"line":282,"column":6},"end":{"line":282,"column":83}},"122":{"start":{"line":283,"column":6},"end":{"line":283,"column":18}},"123":{"start":{"line":294,"column":4},"end":{"line":302,"column":5}},"124":{"start":{"line":295,"column":6},"end":{"line":298,"column":9}},"125":{"start":{"line":300,"column":6},"end":{"line":300,"column":59}},"126":{"start":{"line":301,"column":6},"end":{"line":301,"column":18}},"127":{"start":{"line":310,"column":4},"end":{"line":315,"column":5}},"128":{"start":{"line":311,"column":6},"end":{"line":311,"column":37}},"129":{"start":{"line":313,"column":6},"end":{"line":313,"column":55}},"130":{"start":{"line":314,"column":6},"end":{"line":314,"column":18}},"131":{"start":{"line":319,"column":0},"end":{"line":319,"column":28}}},"fnMap":{"0":{"name":"(anonymous_0)","decl":{"start":{"line":10,"column":21},"end":{"line":10,"column":22}},"loc":{"start":{"line":10,"column":54},"end":{"line":33,"column":1}},"line":10},"1":{"name":"(anonymous_1)","decl":{"start":{"line":20,"column":29},"end":{"line":20,"column":30}},"loc":{"start":{"line":20,"column":46},"end":{"line":23,"column":5}},"line":20},"2":{"name":"(anonymous_2)","decl":{"start":{"line":32,"column":30},"end":{"line":32,"column":31}},"loc":{"start":{"line":32,"column":43},"end":{"line":32,"column":77}},"line":32},"3":{"name":"(anonymous_3)","decl":{"start":{"line":36,"column":2},"end":{"line":36,"column":3}},"loc":{"start":{"line":36,"column":29},"end":{"line":40,"column":3}},"line":36},"4":{"name":"(anonymous_4)","decl":{"start":{"line":46,"column":2},"end":{"line":46,"column":3}},"loc":{"start":{"line":46,"column":24},"end":{"line":49,"column":3}},"line":46},"5":{"name":"(anonymous_5)","decl":{"start":{"line":55,"column":2},"end":{"line":55,"column":3}},"loc":{"start":{"line":55,"column":22},"end":{"line":62,"column":3}},"line":55},"6":{"name":"(anonymous_6)","decl":{"start":{"line":68,"column":2},"end":{"line":68,"column":3}},"loc":{"start":{"line":68,"column":22},"end":{"line":75,"column":3}},"line":68},"7":{"name":"(anonymous_7)","decl":{"start":{"line":81,"column":2},"end":{"line":81,"column":3}},"loc":{"start":{"line":81,"column":27},"end":{"line":89,"column":3}},"line":81},"8":{"name":"(anonymous_8)","decl":{"start":{"line":97,"column":2},"end":{"line":97,"column":3}},"loc":{"start":{"line":97,"column":38},"end":{"line":104,"column":3}},"line":97},"9":{"name":"(anonymous_9)","decl":{"start":{"line":110,"column":2},"end":{"line":110,"column":3}},"loc":{"start":{"line":110,"column":20},"end":{"line":136,"column":3}},"line":110},"10":{"name":"(anonymous_10)","decl":{"start":{"line":142,"column":2},"end":{"line":142,"column":3}},"loc":{"start":{"line":142,"column":20},"end":{"line":158,"column":3}},"line":142},"11":{"name":"(anonymous_11)","decl":{"start":{"line":164,"column":2},"end":{"line":164,"column":3}},"loc":{"start":{"line":164,"column":34},"end":{"line":256,"column":3}},"line":164},"12":{"name":"(anonymous_12)","decl":{"start":{"line":190,"column":53},"end":{"line":190,"column":54}},"loc":{"start":{"line":190,"column":59},"end":{"line":190,"column":63}},"line":190},"13":{"name":"(anonymous_13)","decl":{"start":{"line":207,"column":77},"end":{"line":207,"column":78}},"loc":{"start":{"line":207,"column":86},"end":{"line":210,"column":11}},"line":207},"14":{"name":"(anonymous_14)","decl":{"start":{"line":215,"column":20},"end":{"line":215,"column":21}},"loc":{"start":{"line":215,"column":30},"end":{"line":215,"column":48}},"line":215},"15":{"name":"(anonymous_15)","decl":{"start":{"line":216,"column":17},"end":{"line":216,"column":18}},"loc":{"start":{"line":216,"column":27},"end":{"line":216,"column":52}},"line":216},"16":{"name":"(anonymous_16)","decl":{"start":{"line":233,"column":61},"end":{"line":233,"column":62}},"loc":{"start":{"line":233,"column":67},"end":{"line":233,"column":71}},"line":233},"17":{"name":"(anonymous_17)","decl":{"start":{"line":263,"column":2},"end":{"line":263,"column":3}},"loc":{"start":{"line":263,"column":33},"end":{"line":270,"column":3}},"line":263},"18":{"name":"(anonymous_18)","decl":{"start":{"line":278,"column":2},"end":{"line":278,"column":3}},"loc":{"start":{"line":278,"column":38},"end":{"line":285,"column":3}},"line":278},"19":{"name":"(anonymous_19)","decl":{"start":{"line":293,"column":2},"end":{"line":293,"column":3}},"loc":{"start":{"line":293,"column":49},"end":{"line":303,"column":3}},"line":293},"20":{"name":"(anonymous_20)","decl":{"start":{"line":309,"column":2},"end":{"line":309,"column":3}},"loc":{"start":{"line":309,"column":20},"end":{"line":316,"column":3}},"line":309}},"branchMap":{"0":{"loc":{"start":{"line":10,"column":32},"end":{"line":10,"column":49}},"type":"default-arg","locations":[{"start":{"line":10,"column":47},"end":{"line":10,"column":49}}],"line":10},"1":{"loc":{"start":{"line":11,"column":2},"end":{"line":11,"column":30}},"type":"if","locations":[{"start":{"line":11,"column":2},"end":{"line":11,"column":30}},{"start":{},"end":{}}],"line":11},"2":{"loc":{"start":{"line":16,"column":2},"end":{"line":16,"column":50}},"type":"if","locations":[{"start":{"line":16,"column":2},"end":{"line":16,"column":50}},{"start":{},"end":{}}],"line":16},"3":{"loc":{"start":{"line":19,"column":2},"end":{"line":24,"column":3}},"type":"if","locations":[{"start":{"line":19,"column":2},"end":{"line":24,"column":3}},{"start":{},"end":{}}],"line":19},"4":{"loc":{"start":{"line":36,"column":14},"end":{"line":36,"column":27}},"type":"default-arg","locations":[{"start":{"line":36,"column":25},"end":{"line":36,"column":27}}],"line":36},"5":{"loc":{"start":{"line":115,"column":6},"end":{"line":118,"column":7}},"type":"if","locations":[{"start":{"line":115,"column":6},"end":{"line":118,"column":7}},{"start":{},"end":{}}],"line":115},"6":{"loc":{"start":{"line":121,"column":6},"end":{"line":129,"column":7}},"type":"if","locations":[{"start":{"line":121,"column":6},"end":{"line":129,"column":7}},{"start":{},"end":{}}],"line":121},"7":{"loc":{"start":{"line":125,"column":24},"end":{"line":125,"column":44}},"type":"binary-expr","locations":[{"start":{"line":125,"column":24},"end":{"line":125,"column":38}},{"start":{"line":125,"column":42},"end":{"line":125,"column":44}}],"line":125},"8":{"loc":{"start":{"line":147,"column":6},"end":{"line":149,"column":7}},"type":"if","locations":[{"start":{"line":147,"column":6},"end":{"line":149,"column":7}},{"start":{},"end":{}}],"line":147},"9":{"loc":{"start":{"line":187,"column":8},"end":{"line":197,"column":9}},"type":"if","locations":[{"start":{"line":187,"column":8},"end":{"line":197,"column":9}},{"start":{},"end":{}}],"line":187},"10":{"loc":{"start":{"line":191,"column":12},"end":{"line":193,"column":13}},"type":"if","locations":[{"start":{"line":191,"column":12},"end":{"line":193,"column":13}},{"start":{},"end":{}}],"line":191},"11":{"loc":{"start":{"line":191,"column":16},"end":{"line":191,"column":48}},"type":"binary-expr","locations":[{"start":{"line":191,"column":16},"end":{"line":191,"column":23}},{"start":{"line":191,"column":27},"end":{"line":191,"column":48}}],"line":191},"12":{"loc":{"start":{"line":212,"column":10},"end":{"line":212,"column":48}},"type":"if","locations":[{"start":{"line":212,"column":10},"end":{"line":212,"column":48}},{"start":{},"end":{}}],"line":212},"13":{"loc":{"start":{"line":212,"column":14},"end":{"line":212,"column":37}},"type":"binary-expr","locations":[{"start":{"line":212,"column":14},"end":{"line":212,"column":20}},{"start":{"line":212,"column":24},"end":{"line":212,"column":37}}],"line":212},"14":{"loc":{"start":{"line":226,"column":14},"end":{"line":226,"column":50}},"type":"if","locations":[{"start":{"line":226,"column":14},"end":{"line":226,"column":50}},{"start":{},"end":{}}],"line":226},"15":{"loc":{"start":{"line":229,"column":14},"end":{"line":229,"column":50}},"type":"if","locations":[{"start":{"line":229,"column":14},"end":{"line":229,"column":50}},{"start":{},"end":{}}],"line":229},"16":{"loc":{"start":{"line":234,"column":14},"end":{"line":234,"column":69}},"type":"if","locations":[{"start":{"line":234,"column":14},"end":{"line":234,"column":69}},{"start":{},"end":{}}],"line":234},"17":{"loc":{"start":{"line":234,"column":18},"end":{"line":234,"column":58}},"type":"binary-expr","locations":[{"start":{"line":234,"column":18},"end":{"line":234,"column":29}},{"start":{"line":234,"column":33},"end":{"line":234,"column":58}}],"line":234},"18":{"loc":{"start":{"line":293,"column":33},"end":{"line":293,"column":47}},"type":"default-arg","locations":[{"start":{"line":293,"column":44},"end":{"line":293,"column":47}}],"line":293}},"s":{"0":0,"1":0,"2":0,"3":0,"4":0,"5":0,"6":0,"7":0,"8":0,"9":0,"10":0,"11":0,"12":0,"13":0,"14":0,"15":0,"16":0,"17":0,"18":0,"19":0,"20":0,"21":0,"22":0,"23":0,"24":0,"25":0,"26":0,"27":0,"28":0,"29":0,"30":0,"31":0,"32":0,"33":0,"34":0,"35":0,"36":0,"37":0,"38":0,"39":0,"40":0,"41":0,"42":0,"43":0,"44":0,"45":0,"46":0,"47":0,"48":0,"49":0,"50":0,"51":0,"52":0,"53":0,"54":0,"55":0,"56":0,"57":0,"58":0,"59":0,"60":0,"61":0,"62":0,"63":0,"64":0,"65":0,"66":0,"67":0,"68":0,"69":0,"70":0,"71":0,"72":0,"73":0,"74":0,"75":0,"76":0,"77":0,"78":0,"79":0,"80":0,"81":0,"82":0,"83":0,"84":0,"85":0,"86":0,"87":0,"88":0,"89":0,"90":0,"91":0,"92":0,"93":0,"94":0,"95":0,"96":0,"97":0,"98":0,"99":0,"100":0,"101":0,"102":0,"103":0,"104":0,"105":0,"106":0,"107":0,"108":0,"109":0,"110":0,"111":0,"112":0,"113":0,"114":0,"115":0,"116":0,"117":0,"118":0,"119":0,"120":0,"121":0,"122":0,"123":0,"124":0,"125":0,"126":0,"127":0,"128":0,"129":0,"130":0,"131":0},"f":{"0":0,"1":0,"2":0,"3":0,"4":0,"5":0,"6":0,"7":0,"8":0,"9":0,"10":0,"11":0,"12":0,"13":0,"14":0,"15":0,"16":0,"17":0,"18":0,"19":0,"20":0},"b":{"0":[0],"1":[0,0],"2":[0,0],"3":[0,0],"4":[0],"5":[0,0],"6":[0,0],"7":[0,0],"8":[0,0],"9":[0,0],"10":[0,0],"11":[0,0],"12":[0,0],"13":[0,0],"14":[0,0],"15":[0,0],"16":[0,0],"17":[0,0],"18":[0]}}
,"/Users/devang/Documents/local_rabbit/server/src/services/SecureGitService.js": {"path":"/Users/devang/Documents/local_rabbit/server/src/services/SecureGitService.js","statementMap":{"0":{"start":{"line":1,"column":13},"end":{"line":1,"column":28}},"1":{"start":{"line":2,"column":11},"end":{"line":2,"column":24}},"2":{"start":{"line":3,"column":11},"end":{"line":3,"column":33}},"3":{"start":{"line":4,"column":15},"end":{"line":4,"column":41}},"4":{"start":{"line":8,"column":4},"end":{"line":8,"column":32}},"5":{"start":{"line":9,"column":4},"end":{"line":12,"column":47}},"6":{"start":{"line":12,"column":17},"end":{"line":12,"column":45}},"7":{"start":{"line":16,"column":4},"end":{"line":16,"column":32}},"8":{"start":{"line":16,"column":19},"end":{"line":16,"column":32}},"9":{"start":{"line":18,"column":25},"end":{"line":20,"column":16}},"10":{"start":{"line":22,"column":27},"end":{"line":22,"column":55}},"11":{"start":{"line":24,"column":4},"end":{"line":27,"column":5}},"12":{"start":{"line":25,"column":6},"end":{"line":25,"column":44}},"13":{"start":{"line":26,"column":6},"end":{"line":26,"column":18}},"14":{"start":{"line":29,"column":4},"end":{"line":29,"column":76}},"15":{"start":{"line":30,"column":4},"end":{"line":30,"column":17}},"16":{"start":{"line":34,"column":4},"end":{"line":36,"column":6}},"17":{"start":{"line":35,"column":6},"end":{"line":35,"column":64}},"18":{"start":{"line":40,"column":4},"end":{"line":40,"column":32}},"19":{"start":{"line":40,"column":19},"end":{"line":40,"column":32}},"20":{"start":{"line":41,"column":4},"end":{"line":47,"column":5}},"21":{"start":{"line":42,"column":21},"end":{"line":42,"column":48}},"22":{"start":{"line":43,"column":6},"end":{"line":43,"column":30}},"23":{"start":{"line":44,"column":6},"end":{"line":44,"column":18}},"24":{"start":{"line":46,"column":6},"end":{"line":46,"column":19}},"25":{"start":{"line":51,"column":18},"end":{"line":51,"column":20}},"26":{"start":{"line":52,"column":23},"end":{"line":55,"column":46}},"27":{"start":{"line":55,"column":17},"end":{"line":55,"column":45}},"28":{"start":{"line":57,"column":4},"end":{"line":63,"column":5}},"29":{"start":{"line":58,"column":6},"end":{"line":62,"column":7}},"30":{"start":{"line":59,"column":8},"end":{"line":59,"column":47}},"31":{"start":{"line":61,"column":8},"end":{"line":61,"column":65}},"32":{"start":{"line":65,"column":4},"end":{"line":65,"column":17}},"33":{"start":{"line":69,"column":4},"end":{"line":69,"column":26}},"34":{"start":{"line":69,"column":19},"end":{"line":69,"column":26}},"35":{"start":{"line":71,"column":4},"end":{"line":89,"column":5}},"36":{"start":{"line":72,"column":22},"end":{"line":72,"column":68}},"37":{"start":{"line":74,"column":6},"end":{"line":80,"column":7}},"38":{"start":{"line":74,"column":32},"end":{"line":74,"column":53}},"39":{"start":{"line":75,"column":8},"end":{"line":78,"column":11}},"40":{"start":{"line":79,"column":8},"end":{"line":79,"column":15}},"41":{"start":{"line":82,"column":6},"end":{"line":86,"column":7}},"42":{"start":{"line":83,"column":8},"end":{"line":85,"column":9}},"43":{"start":{"line":84,"column":10},"end":{"line":84,"column":83}},"44":{"start":{"line":88,"column":6},"end":{"line":88,"column":61}},"45":{"start":{"line":93,"column":0},"end":{"line":93,"column":34}}},"fnMap":{"0":{"name":"(anonymous_0)","decl":{"start":{"line":7,"column":2},"end":{"line":7,"column":3}},"loc":{"start":{"line":7,"column":16},"end":{"line":13,"column":3}},"line":7},"1":{"name":"(anonymous_1)","decl":{"start":{"line":12,"column":10},"end":{"line":12,"column":11}},"loc":{"start":{"line":12,"column":17},"end":{"line":12,"column":45}},"line":12},"2":{"name":"(anonymous_2)","decl":{"start":{"line":15,"column":2},"end":{"line":15,"column":3}},"loc":{"start":{"line":15,"column":30},"end":{"line":31,"column":3}},"line":15},"3":{"name":"(anonymous_3)","decl":{"start":{"line":33,"column":2},"end":{"line":33,"column":3}},"loc":{"start":{"line":33,"column":29},"end":{"line":37,"column":3}},"line":33},"4":{"name":"(anonymous_4)","decl":{"start":{"line":34,"column":40},"end":{"line":34,"column":41}},"loc":{"start":{"line":35,"column":6},"end":{"line":35,"column":64}},"line":35},"5":{"name":"(anonymous_5)","decl":{"start":{"line":39,"column":2},"end":{"line":39,"column":3}},"loc":{"start":{"line":39,"column":30},"end":{"line":48,"column":3}},"line":39},"6":{"name":"(anonymous_6)","decl":{"start":{"line":50,"column":2},"end":{"line":50,"column":3}},"loc":{"start":{"line":50,"column":34},"end":{"line":66,"column":3}},"line":50},"7":{"name":"(anonymous_7)","decl":{"start":{"line":55,"column":10},"end":{"line":55,"column":11}},"loc":{"start":{"line":55,"column":17},"end":{"line":55,"column":45}},"line":55},"8":{"name":"(anonymous_8)","decl":{"start":{"line":68,"column":2},"end":{"line":68,"column":3}},"loc":{"start":{"line":68,"column":54},"end":{"line":90,"column":3}},"line":68},"9":{"name":"(anonymous_9)","decl":{"start":{"line":74,"column":23},"end":{"line":74,"column":24}},"loc":{"start":{"line":74,"column":32},"end":{"line":74,"column":53}},"line":74}},"branchMap":{"0":{"loc":{"start":{"line":16,"column":4},"end":{"line":16,"column":32}},"type":"if","locations":[{"start":{"line":16,"column":4},"end":{"line":16,"column":32}},{"start":{},"end":{}}],"line":16},"1":{"loc":{"start":{"line":18,"column":25},"end":{"line":20,"column":16}},"type":"cond-expr","locations":[{"start":{"line":19,"column":8},"end":{"line":19,"column":50}},{"start":{"line":20,"column":8},"end":{"line":20,"column":16}}],"line":18},"2":{"loc":{"start":{"line":24,"column":4},"end":{"line":27,"column":5}},"type":"if","locations":[{"start":{"line":24,"column":4},"end":{"line":27,"column":5}},{"start":{},"end":{}}],"line":24},"3":{"loc":{"start":{"line":35,"column":6},"end":{"line":35,"column":64}},"type":"binary-expr","locations":[{"start":{"line":35,"column":6},"end":{"line":35,"column":33}},{"start":{"line":35,"column":37},"end":{"line":35,"column":64}}],"line":35},"4":{"loc":{"start":{"line":40,"column":4},"end":{"line":40,"column":32}},"type":"if","locations":[{"start":{"line":40,"column":4},"end":{"line":40,"column":32}},{"start":{},"end":{}}],"line":40},"5":{"loc":{"start":{"line":68,"column":43},"end":{"line":68,"column":52}},"type":"default-arg","locations":[{"start":{"line":68,"column":51},"end":{"line":68,"column":52}}],"line":68},"6":{"loc":{"start":{"line":69,"column":4},"end":{"line":69,"column":26}},"type":"if","locations":[{"start":{"line":69,"column":4},"end":{"line":69,"column":26}},{"start":{},"end":{}}],"line":69},"7":{"loc":{"start":{"line":74,"column":6},"end":{"line":80,"column":7}},"type":"if","locations":[{"start":{"line":74,"column":6},"end":{"line":80,"column":7}},{"start":{},"end":{}}],"line":74},"8":{"loc":{"start":{"line":83,"column":8},"end":{"line":85,"column":9}},"type":"if","locations":[{"start":{"line":83,"column":8},"end":{"line":85,"column":9}},{"start":{},"end":{}}],"line":83},"9":{"loc":{"start":{"line":83,"column":12},"end":{"line":83,"column":62}},"type":"binary-expr","locations":[{"start":{"line":83,"column":12},"end":{"line":83,"column":31}},{"start":{"line":83,"column":35},"end":{"line":83,"column":62}}],"line":83}},"s":{"0":0,"1":0,"2":0,"3":0,"4":0,"5":0,"6":0,"7":0,"8":0,"9":0,"10":0,"11":0,"12":0,"13":0,"14":0,"15":0,"16":0,"17":0,"18":0,"19":0,"20":0,"21":0,"22":0,"23":0,"24":0,"25":0,"26":0,"27":0,"28":0,"29":0,"30":0,"31":0,"32":0,"33":0,"34":0,"35":0,"36":0,"37":0,"38":0,"39":0,"40":0,"41":0,"42":0,"43":0,"44":0,"45":0},"f":{"0":0,"1":0,"2":0,"3":0,"4":0,"5":0,"6":0,"7":0,"8":0,"9":0},"b":{"0":[0,0],"1":[0,0],"2":[0,0],"3":[0,0],"4":[0,0],"5":[0],"6":[0,0],"7":[0,0],"8":[0,0],"9":[0,0]}}
,"/Users/devang/Documents/local_rabbit/server/src/utils/coverage-tracker.js": {"path":"/Users/devang/Documents/local_rabbit/server/src/utils/coverage-tracker.js","statementMap":{"0":{"start":{"line":1,"column":11},"end":{"line":1,"column":33}},"1":{"start":{"line":2,"column":13},"end":{"line":2,"column":28}},"2":{"start":{"line":3,"column":15},"end":{"line":3,"column":34}},"3":{"start":{"line":7,"column":4},"end":{"line":7,"column":34}},"4":{"start":{"line":8,"column":4},"end":{"line":8,"column":75}},"5":{"start":{"line":9,"column":4},"end":{"line":9,"column":75}},"6":{"start":{"line":13,"column":22},"end":{"line":13,"column":46}},"7":{"start":{"line":14,"column":21},"end":{"line":18,"column":5}},"8":{"start":{"line":20,"column":4},"end":{"line":26,"column":5}},"9":{"start":{"line":21,"column":6},"end":{"line":25,"column":9}},"10":{"start":{"line":28,"column":4},"end":{"line":28,"column":47}},"11":{"start":{"line":29,"column":4},"end":{"line":29,"column":34}},"12":{"start":{"line":33,"column":4},"end":{"line":49,"column":5}},"13":{"start":{"line":34,"column":22},"end":{"line":34,"column":44}},"14":{"start":{"line":35,"column":6},"end":{"line":35,"column":77}},"15":{"start":{"line":37,"column":22},"end":{"line":44,"column":9}},"16":{"start":{"line":37,"column":90},"end":{"line":44,"column":7}},"17":{"start":{"line":46,"column":6},"end":{"line":46,"column":77}},"18":{"start":{"line":48,"column":6},"end":{"line":48,"column":57}},"19":{"start":{"line":53,"column":19},"end":{"line":53,"column":63}},"20":{"start":{"line":54,"column":4},"end":{"line":54,"column":29}},"21":{"start":{"line":54,"column":17},"end":{"line":54,"column":29}},"22":{"start":{"line":56,"column":4},"end":{"line":67,"column":6}},"23":{"start":{"line":63,"column":75},"end":{"line":66,"column":7}},"24":{"start":{"line":71,"column":19},"end":{"line":71,"column":63}},"25":{"start":{"line":72,"column":4},"end":{"line":72,"column":47}},"26":{"start":{"line":76,"column":19},"end":{"line":76,"column":63}},"27":{"start":{"line":77,"column":4},"end":{"line":77,"column":35}},"28":{"start":{"line":81,"column":4},"end":{"line":89,"column":10}},"29":{"start":{"line":82,"column":35},"end":{"line":89,"column":7}},"30":{"start":{"line":93,"column":0},"end":{"line":93,"column":39}}},"fnMap":{"0":{"name":"(anonymous_0)","decl":{"start":{"line":6,"column":2},"end":{"line":6,"column":3}},"loc":{"start":{"line":6,"column":16},"end":{"line":10,"column":3}},"line":6},"1":{"name":"(anonymous_1)","decl":{"start":{"line":12,"column":2},"end":{"line":12,"column":3}},"loc":{"start":{"line":12,"column":35},"end":{"line":30,"column":3}},"line":12},"2":{"name":"(anonymous_2)","decl":{"start":{"line":32,"column":2},"end":{"line":32,"column":3}},"loc":{"start":{"line":32,"column":27},"end":{"line":50,"column":3}},"line":32},"3":{"name":"(anonymous_3)","decl":{"start":{"line":37,"column":66},"end":{"line":37,"column":67}},"loc":{"start":{"line":37,"column":90},"end":{"line":44,"column":7}},"line":37},"4":{"name":"(anonymous_4)","decl":{"start":{"line":52,"column":2},"end":{"line":52,"column":3}},"loc":{"start":{"line":52,"column":20},"end":{"line":68,"column":3}},"line":52},"5":{"name":"(anonymous_5)","decl":{"start":{"line":63,"column":52},"end":{"line":63,"column":53}},"loc":{"start":{"line":63,"column":75},"end":{"line":66,"column":7}},"line":63},"6":{"name":"(anonymous_6)","decl":{"start":{"line":70,"column":2},"end":{"line":70,"column":3}},"loc":{"start":{"line":70,"column":28},"end":{"line":73,"column":3}},"line":70},"7":{"name":"(anonymous_7)","decl":{"start":{"line":75,"column":2},"end":{"line":75,"column":3}},"loc":{"start":{"line":75,"column":23},"end":{"line":78,"column":3}},"line":75},"8":{"name":"(anonymous_8)","decl":{"start":{"line":80,"column":2},"end":{"line":80,"column":3}},"loc":{"start":{"line":80,"column":23},"end":{"line":90,"column":3}},"line":80},"9":{"name":"(anonymous_9)","decl":{"start":{"line":82,"column":11},"end":{"line":82,"column":12}},"loc":{"start":{"line":82,"column":35},"end":{"line":89,"column":7}},"line":82}},"branchMap":{"0":{"loc":{"start":{"line":54,"column":4},"end":{"line":54,"column":29}},"type":"if","locations":[{"start":{"line":54,"column":4},"end":{"line":54,"column":29}},{"start":{},"end":{}}],"line":54},"1":{"loc":{"start":{"line":72,"column":11},"end":{"line":72,"column":46}},"type":"binary-expr","locations":[{"start":{"line":72,"column":11},"end":{"line":72,"column":38}},{"start":{"line":72,"column":42},"end":{"line":72,"column":46}}],"line":72},"2":{"loc":{"start":{"line":77,"column":11},"end":{"line":77,"column":34}},"type":"binary-expr","locations":[{"start":{"line":77,"column":11},"end":{"line":77,"column":26}},{"start":{"line":77,"column":30},"end":{"line":77,"column":34}}],"line":77}},"s":{"0":0,"1":0,"2":0,"3":0,"4":0,"5":0,"6":0,"7":0,"8":0,"9":0,"10":0,"11":0,"12":0,"13":0,"14":0,"15":0,"16":0,"17":0,"18":0,"19":0,"20":0,"21":0,"22":0,"23":0,"24":0,"25":0,"26":0,"27":0,"28":0,"29":0,"30":0},"f":{"0":0,"1":0,"2":0,"3":0,"4":0,"5":0,"6":0,"7":0,"8":0,"9":0},"b":{"0":[0,0],"1":[0,0],"2":[0,0]}}
,"/Users/devang/Documents/local_rabbit/server/src/utils/logger.js": {"path":"/Users/devang/Documents/local_rabbit/server/src/utils/logger.js","statementMap":{"0":{"start":{"line":1,"column":16},"end":{"line":1,"column":34}},"1":{"start":{"line":2,"column":13},"end":{"line":2,"column":28}},"2":{"start":{"line":3,"column":14},"end":{"line":3,"column":30}},"3":{"start":{"line":4,"column":15},"end":{"line":4,"column":35}},"4":{"start":{"line":8,"column":18},"end":{"line":13,"column":1}},"5":{"start":{"line":16,"column":22},"end":{"line":51,"column":1}},"6":{"start":{"line":22,"column":21},"end":{"line":41,"column":5}},"7":{"start":{"line":23,"column":6},"end":{"line":40,"column":7}},"8":{"start":{"line":25,"column":10},"end":{"line":25,"column":38}},"9":{"start":{"line":27,"column":10},"end":{"line":27,"column":47}},"10":{"start":{"line":29,"column":10},"end":{"line":29,"column":39}},"11":{"start":{"line":31,"column":10},"end":{"line":31,"column":37}},"12":{"start":{"line":33,"column":10},"end":{"line":33,"column":34}},"13":{"start":{"line":35,"column":10},"end":{"line":35,"column":35}},"14":{"start":{"line":37,"column":10},"end":{"line":37,"column":34}},"15":{"start":{"line":39,"column":10},"end":{"line":39,"column":22}},"16":{"start":{"line":43,"column":27},"end":{"line":43,"column":63}},"17":{"start":{"line":44,"column":31},"end":{"line":44,"column":52}},"18":{"start":{"line":45,"column":21},"end":{"line":47,"column":10}},"19":{"start":{"line":49,"column":4},"end":{"line":49,"column":77}},"20":{"start":{"line":54,"column":22},"end":{"line":64,"column":2}},"21":{"start":{"line":58,"column":21},"end":{"line":58,"column":40}},"22":{"start":{"line":59,"column":21},"end":{"line":59,"column":32}},"23":{"start":{"line":60,"column":23},"end":{"line":60,"column":36}},"24":{"start":{"line":62,"column":2},"end":{"line":63,"column":7}},"25":{"start":{"line":67,"column":15},"end":{"line":84,"column":2}},"26":{"start":{"line":86,"column":0},"end":{"line":93,"column":1}},"27":{"start":{"line":87,"column":2},"end":{"line":92,"column":6}},"28":{"start":{"line":96,"column":26},"end":{"line":102,"column":2}},"29":{"start":{"line":96,"column":50},"end":{"line":102,"column":2}},"30":{"start":{"line":96,"column":75},"end":{"line":102,"column":1}},"31":{"start":{"line":105,"column":22},"end":{"line":123,"column":1}},"32":{"start":{"line":106,"column":19},"end":{"line":106,"column":40}},"33":{"start":{"line":108,"column":2},"end":{"line":120,"column":5}},"34":{"start":{"line":109,"column":4},"end":{"line":119,"column":6}},"35":{"start":{"line":110,"column":20},"end":{"line":110,"column":31}},"36":{"start":{"line":111,"column":20},"end":{"line":111,"column":46}},"37":{"start":{"line":112,"column":20},"end":{"line":112,"column":56}},"38":{"start":{"line":113,"column":6},"end":{"line":117,"column":7}},"39":{"start":{"line":114,"column":39},"end":{"line":114,"column":44}},"40":{"start":{"line":115,"column":31},"end":{"line":115,"column":68}},"41":{"start":{"line":116,"column":8},"end":{"line":116,"column":77}},"42":{"start":{"line":118,"column":6},"end":{"line":118,"column":50}},"43":{"start":{"line":122,"column":2},"end":{"line":122,"column":18}},"44":{"start":{"line":126,"column":0},"end":{"line":128,"column":2}},"45":{"start":{"line":127,"column":2},"end":{"line":127,"column":36}},"46":{"start":{"line":130,"column":0},"end":{"line":132,"column":2}},"47":{"start":{"line":131,"column":2},"end":{"line":131,"column":37}},"48":{"start":{"line":134,"column":0},"end":{"line":136,"column":2}},"49":{"start":{"line":135,"column":2},"end":{"line":135,"column":37}},"50":{"start":{"line":138,"column":0},"end":{"line":140,"column":2}},"51":{"start":{"line":139,"column":2},"end":{"line":139,"column":44}},"52":{"start":{"line":142,"column":0},"end":{"line":148,"column":2}},"53":{"start":{"line":143,"column":2},"end":{"line":147,"column":3}},"54":{"start":{"line":144,"column":4},"end":{"line":144,"column":60}},"55":{"start":{"line":146,"column":4},"end":{"line":146,"column":28}},"56":{"start":{"line":151,"column":0},"end":{"line":151,"column":39}}},"fnMap":{"0":{"name":"(anonymous_0)","decl":{"start":{"line":18,"column":24},"end":{"line":18,"column":25}},"loc":{"start":{"line":20,"column":8},"end":{"line":50,"column":3}},"line":20},"1":{"name":"(anonymous_1)","decl":{"start":{"line":22,"column":21},"end":{"line":22,"column":22}},"loc":{"start":{"line":22,"column":36},"end":{"line":41,"column":5}},"line":22},"2":{"name":"(anonymous_2)","decl":{"start":{"line":54,"column":44},"end":{"line":54,"column":45}},"loc":{"start":{"line":56,"column":6},"end":{"line":64,"column":1}},"line":56},"3":{"name":"(anonymous_3)","decl":{"start":{"line":96,"column":26},"end":{"line":96,"column":27}},"loc":{"start":{"line":96,"column":50},"end":{"line":102,"column":2}},"line":96},"4":{"name":"(anonymous_4)","decl":{"start":{"line":96,"column":50},"end":{"line":96,"column":51}},"loc":{"start":{"line":96,"column":75},"end":{"line":102,"column":1}},"line":96},"5":{"name":"(anonymous_5)","decl":{"start":{"line":105,"column":22},"end":{"line":105,"column":23}},"loc":{"start":{"line":105,"column":42},"end":{"line":123,"column":1}},"line":105},"6":{"name":"(anonymous_6)","decl":{"start":{"line":108,"column":53},"end":{"line":108,"column":54}},"loc":{"start":{"line":108,"column":64},"end":{"line":120,"column":3}},"line":108},"7":{"name":"(anonymous_7)","decl":{"start":{"line":109,"column":22},"end":{"line":109,"column":23}},"loc":{"start":{"line":109,"column":46},"end":{"line":119,"column":5}},"line":109},"8":{"name":"(anonymous_8)","decl":{"start":{"line":126,"column":17},"end":{"line":126,"column":18}},"loc":{"start":{"line":126,"column":41},"end":{"line":128,"column":1}},"line":126},"9":{"name":"(anonymous_9)","decl":{"start":{"line":130,"column":19},"end":{"line":130,"column":20}},"loc":{"start":{"line":130,"column":43},"end":{"line":132,"column":1}},"line":130},"10":{"name":"(anonymous_10)","decl":{"start":{"line":134,"column":19},"end":{"line":134,"column":20}},"loc":{"start":{"line":134,"column":43},"end":{"line":136,"column":1}},"line":134},"11":{"name":"(anonymous_11)","decl":{"start":{"line":138,"column":17},"end":{"line":138,"column":18}},"loc":{"start":{"line":138,"column":39},"end":{"line":140,"column":1}},"line":138},"12":{"name":"(anonymous_12)","decl":{"start":{"line":142,"column":15},"end":{"line":142,"column":16}},"loc":{"start":{"line":142,"column":36},"end":{"line":148,"column":1}},"line":142}},"branchMap":{"0":{"loc":{"start":{"line":23,"column":6},"end":{"line":40,"column":7}},"type":"switch","locations":[{"start":{"line":24,"column":8},"end":{"line":25,"column":38}},{"start":{"line":26,"column":8},"end":{"line":27,"column":47}},{"start":{"line":28,"column":8},"end":{"line":29,"column":39}},{"start":{"line":30,"column":8},"end":{"line":31,"column":37}},{"start":{"line":32,"column":8},"end":{"line":33,"column":34}},{"start":{"line":34,"column":8},"end":{"line":35,"column":35}},{"start":{"line":36,"column":8},"end":{"line":37,"column":34}},{"start":{"line":38,"column":8},"end":{"line":39,"column":22}}],"line":23},"1":{"loc":{"start":{"line":45,"column":21},"end":{"line":47,"column":10}},"type":"cond-expr","locations":[{"start":{"line":46,"column":8},"end":{"line":46,"column":49}},{"start":{"line":47,"column":8},"end":{"line":47,"column":10}}],"line":45},"2":{"loc":{"start":{"line":58,"column":21},"end":{"line":58,"column":40}},"type":"binary-expr","locations":[{"start":{"line":58,"column":21},"end":{"line":58,"column":25}},{"start":{"line":58,"column":29},"end":{"line":58,"column":40}}],"line":58},"3":{"loc":{"start":{"line":59,"column":21},"end":{"line":59,"column":32}},"type":"binary-expr","locations":[{"start":{"line":59,"column":21},"end":{"line":59,"column":25}},{"start":{"line":59,"column":29},"end":{"line":59,"column":32}}],"line":59},"4":{"loc":{"start":{"line":60,"column":23},"end":{"line":60,"column":36}},"type":"binary-expr","locations":[{"start":{"line":60,"column":23},"end":{"line":60,"column":29}},{"start":{"line":60,"column":33},"end":{"line":60,"column":36}}],"line":60},"5":{"loc":{"start":{"line":62,"column":77},"end":{"line":62,"column":129}},"type":"cond-expr","locations":[{"start":{"line":62,"column":104},"end":{"line":62,"column":124}},{"start":{"line":62,"column":127},"end":{"line":62,"column":129}}],"line":62},"6":{"loc":{"start":{"line":68,"column":9},"end":{"line":68,"column":40}},"type":"binary-expr","locations":[{"start":{"line":68,"column":9},"end":{"line":68,"column":30}},{"start":{"line":68,"column":34},"end":{"line":68,"column":40}}],"line":68},"7":{"loc":{"start":{"line":86,"column":0},"end":{"line":93,"column":1}},"type":"if","locations":[{"start":{"line":86,"column":0},"end":{"line":93,"column":1}},{"start":{},"end":{}}],"line":86},"8":{"loc":{"start":{"line":96,"column":60},"end":{"line":96,"column":69}},"type":"default-arg","locations":[{"start":{"line":96,"column":67},"end":{"line":96,"column":69}}],"line":96},"9":{"loc":{"start":{"line":109,"column":32},"end":{"line":109,"column":41}},"type":"default-arg","locations":[{"start":{"line":109,"column":39},"end":{"line":109,"column":41}}],"line":109},"10":{"loc":{"start":{"line":113,"column":6},"end":{"line":117,"column":7}},"type":"if","locations":[{"start":{"line":113,"column":6},"end":{"line":117,"column":7}},{"start":{},"end":{}}],"line":113},"11":{"loc":{"start":{"line":126,"column":27},"end":{"line":126,"column":36}},"type":"default-arg","locations":[{"start":{"line":126,"column":34},"end":{"line":126,"column":36}}],"line":126},"12":{"loc":{"start":{"line":130,"column":29},"end":{"line":130,"column":38}},"type":"default-arg","locations":[{"start":{"line":130,"column":36},"end":{"line":130,"column":38}}],"line":130},"13":{"loc":{"start":{"line":134,"column":29},"end":{"line":134,"column":38}},"type":"default-arg","locations":[{"start":{"line":134,"column":36},"end":{"line":134,"column":38}}],"line":134},"14":{"loc":{"start":{"line":138,"column":25},"end":{"line":138,"column":34}},"type":"default-arg","locations":[{"start":{"line":138,"column":32},"end":{"line":138,"column":34}}],"line":138},"15":{"loc":{"start":{"line":142,"column":22},"end":{"line":142,"column":31}},"type":"default-arg","locations":[{"start":{"line":142,"column":29},"end":{"line":142,"column":31}}],"line":142},"16":{"loc":{"start":{"line":143,"column":2},"end":{"line":147,"column":3}},"type":"if","locations":[{"start":{"line":143,"column":2},"end":{"line":147,"column":3}},{"start":{"line":145,"column":9},"end":{"line":147,"column":3}}],"line":143}},"s":{"0":1,"1":1,"2":1,"3":1,"4":1,"5":1,"6":0,"7":0,"8":0,"9":0,"10":0,"11":0,"12":0,"13":0,"14":0,"15":0,"16":0,"17":0,"18":0,"19":0,"20":1,"21":0,"22":0,"23":0,"24":0,"25":1,"26":1,"27":1,"28":1,"29":0,"30":0,"31":1,"32":1,"33":1,"34":5,"35":0,"36":0,"37":0,"38":0,"39":0,"40":0,"41":0,"42":0,"43":1,"44":1,"45":0,"46":1,"47":0,"48":1,"49":0,"50":1,"51":0,"52":1,"53":0,"54":0,"55":0,"56":1},"f":{"0":0,"1":0,"2":0,"3":0,"4":0,"5":1,"6":5,"7":0,"8":0,"9":0,"10":0,"11":0,"12":0},"b":{"0":[0,0,0,0,0,0,0,0],"1":[0,0],"2":[0,0],"3":[0,0],"4":[0,0],"5":[0,0],"6":[1,1],"7":[1,0],"8":[0],"9":[0],"10":[0,0],"11":[0],"12":[0],"13":[0],"14":[0],"15":[0],"16":[0,0]},"_coverageSchema":"1a1c01bbd47fc00a2c39e90264f33305004495a9","hash":"e20bbea2aa1ddc276f27b5e9132d131e2fb27376"}
[...]
umn":0},"end":{"line":337,"column":1}},{"start":{},"end":{}}],"line":335},"11":{"loc":{"start":{"line":377,"column":4},"end":{"line":383,"column":5}},"type":"if","locations":[{"start":{"line":377,"column":4},"end":{"line":383,"column":5}},{"start":{},"end":{}}],"line":377},"12":{"loc":{"start":{"line":393,"column":4},"end":{"line":393,"column":28}},"type":"if","locations":[{"start":{"line":393,"column":4},"end":{"line":393,"column":28}},{"start":{},"end":{}}],"line":393},"13":{"loc":{"start":{"line":423,"column":4},"end":{"line":427,"column":5}},"type":"if","locations":[{"start":{"line":423,"column":4},"end":{"line":427,"column":5}},{"start":{"line":425,"column":11},"end":{"line":427,"column":5}}],"line":423}},"s":{"0":0,"1":0,"2":0,"3":0,"4":0,"5":0,"6":0,"7":0,"8":0,"9":0,"10":0,"11":0,"12":0,"13":0,"14":0,"15":0,"16":0,"17":0,"18":0,"19":0,"20":0,"21":0,"22":0,"23":0,"24":0,"25":0,"26":0,"27":0,"28":0,"29":0,"30":0,"31":0,"32":0,"33":0,"34":0,"35":0,"36":0,"37":0,"38":0,"39":0,"40":0,"41":0,"42":0,"43":0,"44":0,"45":0,"46":0,"47":0,"48":0,"49":0,"50":0,"51":0,"52":0,"53":0,"54":0,"55":0,"56":0,"57":0,"58":0,"59":0,"60":0,"61":0,"62":0,"63":0,"64":0,"65":0,"66":0,"67":0,"68":0,"69":0,"70":0,"71":0,"72":0,"73":0,"74":0,"75":0,"76":0,"77":0,"78":0,"79":0,"80":0,"81":0,"82":0,"83":0,"84":0,"85":0,"86":0,"87":0,"88":0,"89":0,"90":0,"91":0,"92":0,"93":0,"94":0,"95":0,"96":0,"97":0,"98":0,"99":0,"100":0,"101":0,"102":0,"103":0,"104":0,"105":0,"106":0,"107":0,"108":0,"109":0,"110":0,"111":0,"112":0,"113":0,"114":0,"115":0,"116":0,"117":0,"118":0,"119":0,"120":0,"121":0,"122":0,"123":0,"124":0,"125":0,"126":0,"127":0,"128":0,"129":0,"130":0,"131":0,"132":0,"133":0,"134":0,"135":0,"136":0,"137":0,"138":0,"139":0,"140":0,"141":0,"142":0,"143":0,"144":0,"145":0,"146":0,"147":0,"148":0,"149":0,"150":0,"151":0,"152":0,"153":0,"154":0,"155":0,"156":0,"157":0,"158":0,"159":0,"160":0,"161":0,"162":0,"163":0,"164":0,"165":0,"166":0,"167":0,"168":0,"169":0,"170":0,"171":0,"172":0,"173":0,"174":0,"175":0,"176":0,"177":0,"178":0,"179":0,"180":0,"181":0,"182":0,"183":0,"184":0,"185":0,"186":0,"187":0},"f":{"0":0,"1":0,"2":0,"3":0,"4":0,"5":0,"6":0,"7":0,"8":0,"9":0,"10":0,"11":0,"12":0,"13":0,"14":0,"15":0,"16":0,"17":0,"18":0,"19":0,"20":0,"21":0,"22":0,"23":0,"24":0,"25":0,"26":0,"27":0,"28":0,"29":0,"30":0,"31":0,"32":0,"33":0,"34":0,"35":0,"36":0,"37":0,"38":0,"39":0,"40":0,"41":0,"42":0,"43":0,"44":0},"b":{"0":[0,0],"1":[0],"2":[0],"3":[0,0],"4":[0,0],"5":[0],"6":[0,0],"7":[0,0],"8":[0,0],"9":[0,0],"10":[0,0],"11":[0,0],"12":[0,0],"13":[0,0]}}
,"/Users/devang/Documents/local_rabbit/server/src/utils/performance.js": {"path":"/Users/devang/Documents/local_rabbit/server/src/utils/performance.js","statementMap":{"0":{"start":{"line":6,"column":10},"end":{"line":6,"column":27}},"1":{"start":{"line":7,"column":14},"end":{"line":7,"column":30}},"2":{"start":{"line":8,"column":14},"end":{"line":8,"column":30}},"3":{"start":{"line":9,"column":15},"end":{"line":9,"column":34}},"4":{"start":{"line":20,"column":23},"end":{"line":63,"column":1}},"5":{"start":{"line":25,"column":6},"end":{"line":25,"column":13}},"6":{"start":{"line":27,"column":16},"end":{"line":27,"column":25}},"7":{"start":{"line":28,"column":21},"end":{"line":28,"column":30}},"8":{"start":{"line":30,"column":19},"end":{"line":49,"column":3}},"9":{"start":{"line":32,"column":18},"end":{"line":32,"column":28}},"10":{"start":{"line":33,"column":18},"end":{"line":33,"column":69}},"11":{"start":{"line":35,"column":6},"end":{"line":35,"column":31}},"12":{"start":{"line":38,"column":6},"end":{"line":44,"column":7}},"13":{"start":{"line":39,"column":26},"end":{"line":40,"column":46}},"14":{"start":{"line":40,"column":34},"end":{"line":40,"column":39}},"15":{"start":{"line":42,"column":8},"end":{"line":42,"column":32}},"16":{"start":{"line":43,"column":8},"end":{"line":43,"column":37}},"17":{"start":{"line":46,"column":6},"end":{"line":46,"column":25}},"18":{"start":{"line":52,"column":2},"end":{"line":62,"column":4}},"19":{"start":{"line":53,"column":16},"end":{"line":53,"column":67}},"20":{"start":{"line":54,"column":22},"end":{"line":54,"column":41}},"21":{"start":{"line":56,"column":4},"end":{"line":59,"column":5}},"22":{"start":{"line":57,"column":6},"end":{"line":57,"column":24}},"23":{"start":{"line":58,"column":6},"end":{"line":58,"column":29}},"24":{"start":{"line":61,"column":4},"end":{"line":61,"column":29}},"25":{"start":{"line":74,"column":24},"end":{"line":113,"column":1}},"26":{"start":{"line":78,"column":6},"end":{"line":78,"column":13}},"27":{"start":{"line":80,"column":20},"end":{"line":80,"column":30}},"28":{"start":{"line":81,"column":2},"end":{"line":85,"column":4}},"29":{"start":{"line":87,"column":2},"end":{"line":112,"column":3}},"30":{"start":{"line":88,"column":20},"end":{"line":102,"column":5}},"31":{"start":{"line":92,"column":8},"end":{"line":100,"column":9}},"32":{"start":{"line":93,"column":10},"end":{"line":93,"column":34}},"33":{"start":{"line":95,"column":10},"end":{"line":97,"column":11}},"34":{"start":{"line":96,"column":12},"end":{"line":96,"column":24}},"35":{"start":{"line":98,"column":10},"end":{"line":98,"column":77}},"36":{"start":{"line":99,"column":10},"end":{"line":99,"column":48}},"37":{"start":{"line":104,"column":21},"end":{"line":104,"column":43}},"38":{"start":{"line":105,"column":4},"end":{"line":105,"column":78}},"39":{"start":{"line":107,"column":4},"end":{"line":107,"column":19}},"40":{"start":{"line":109,"column":21},"end":{"line":109,"column":43}},"41":{"start":{"line":110,"column":4},"end":{"line":110,"column":95}},"42":{"start":{"line":111,"column":4},"end":{"line":111,"column":16}},"43":{"start":{"line":121,"column":25},"end":{"line":124,"column":2}},"44":{"start":{"line":121,"column":46},"end":{"line":124,"column":2}},"45":{"start":{"line":132,"column":25},"end":{"line":136,"column":2}},"46":{"start":{"line":132,"column":45},"end":{"line":136,"column":2}},"47":{"start":{"line":145,"column":21},"end":{"line":172,"column":1}},"48":{"start":{"line":146,"column":20},"end":{"line":146,"column":30}},"49":{"start":{"line":147,"column":2},"end":{"line":151,"column":4}},"50":{"start":{"line":153,"column":18},"end":{"line":153,"column":43}},"51":{"start":{"line":154,"column":18},"end":{"line":154,"column":20}},"52":{"start":{"line":156,"column":2},"end":{"line":166,"column":3}},"53":{"start":{"line":156,"column":15},"end":{"line":156,"column":16}},"54":{"start":{"line":157,"column":27},"end":{"line":157,"column":37}},"55":{"start":{"line":158,"column":4},"end":{"line":158,"column":77}},"56":{"start":{"line":161,"column":25},"end":{"line":161,"column":52}},"57":{"start":{"line":162,"column":4},"end":{"line":162,"column":34}},"58":{"start":{"line":164,"column":26},"end":{"line":164,"column":53}},"59":{"start":{"line":165,"column":4},"end":{"line":165,"column":80}},"60":{"start":{"line":168,"column":19},"end":{"line":168,"column":41}},"61":{"start":{"line":169,"column":2},"end":{"line":169,"column":74}},"62":{"start":{"line":171,"column":2},"end":{"line":171,"column":17}},"63":{"start":{"line":174,"column":0},"end":{"line":182,"column":2}}},"fnMap":{"0":{"name":"(anonymous_0)","decl":{"start":{"line":20,"column":23},"end":{"line":20,"column":24}},"loc":{"start":{"line":20,"column":45},"end":{"line":63,"column":1}},"line":20},"1":{"name":"(anonymous_1)","decl":{"start":{"line":31,"column":4},"end":{"line":31,"column":5}},"loc":{"start":{"line":31,"column":17},"end":{"line":47,"column":5}},"line":31},"2":{"name":"(anonymous_2)","decl":{"start":{"line":40,"column":16},"end":{"line":40,"column":17}},"loc":{"start":{"line":40,"column":34},"end":{"line":40,"column":39}},"line":40},"3":{"name":"(anonymous_3)","decl":{"start":{"line":52,"column":9},"end":{"line":52,"column":10}},"loc":{"start":{"line":52,"column":22},"end":{"line":62,"column":3}},"line":52},"4":{"name":"(anonymous_4)","decl":{"start":{"line":74,"column":24},"end":{"line":74,"column":25}},"loc":{"start":{"line":74,"column":61},"end":{"line":113,"column":1}},"line":74},"5":{"name":"(anonymous_5)","decl":{"start":{"line":91,"column":6},"end":{"line":91,"column":7}},"loc":{"start":{"line":91,"column":22},"end":{"line":101,"column":7}},"line":91},"6":{"name":"(anonymous_6)","decl":{"start":{"line":121,"column":25},"end":{"line":121,"column":26}},"loc":{"start":{"line":121,"column":46},"end":{"line":124,"column":2}},"line":121},"7":{"name":"(anonymous_7)","decl":{"start":{"line":132,"column":25},"end":{"line":132,"column":26}},"loc":{"start":{"line":132,"column":45},"end":{"line":136,"column":2}},"line":132},"8":{"name":"(anonymous_8)","decl":{"start":{"line":145,"column":21},"end":{"line":145,"column":22}},"loc":{"start":{"line":145,"column":66},"end":{"line":172,"column":1}},"line":145}},"branchMap":{"0":{"loc":{"start":{"line":20,"column":28},"end":{"line":20,"column":40}},"type":"default-arg","locations":[{"start":{"line":20,"column":38},"end":{"line":20,"column":40}}],"line":20},"1":{"loc":{"start":{"line":22,"column":4},"end":{"line":22,"column":18}},"type":"default-arg","locations":[{"start":{"line":22,"column":13},"end":{"line":22,"column":18}}],"line":22},"2":{"loc":{"start":{"line":23,"column":4},"end":{"line":23,"column":17}},"type":"default-arg","locations":[{"start":{"line":23,"column":14},"end":{"line":23,"column":17}}],"line":23},"3":{"loc":{"start":{"line":24,"column":4},"end":{"line":24,"column":24}},"type":"default-arg","locations":[{"start":{"line":24,"column":15},"end":{"line":24,"column":24}}],"line":24},"4":{"loc":{"start":{"line":33,"column":18},"end":{"line":33,"column":69}},"type":"cond-expr","locations":[{"start":{"line":33,"column":29},"end":{"line":33,"column":46}},{"start":{"line":33,"column":49},"end":{"line":33,"column":69}}],"line":33},"5":{"loc":{"start":{"line":38,"column":6},"end":{"line":44,"column":7}},"type":"if","locations":[{"start":{"line":38,"column":6},"end":{"line":44,"column":7}},{"start":{},"end":{}}],"line":38},"6":{"loc":{"start":{"line":53,"column":16},"end":{"line":53,"column":67}},"type":"cond-expr","locations":[{"start":{"line":53,"column":27},"end":{"line":53,"column":44}},{"start":{"line":53,"column":47},"end":{"line":53,"column":67}}],"line":53},"7":{"loc":{"start":{"line":56,"column":4},"end":{"line":59,"column":5}},"type":"if","locations":[{"start":{"line":56,"column":4},"end":{"line":59,"column":5}},{"start":{},"end":{}}],"line":56},"8":{"loc":{"start":{"line":56,"column":8},"end":{"line":56,"column":52}},"type":"binary-expr","locations":[{"start":{"line":56,"column":8},"end":{"line":56,"column":17}},{"start":{"line":56,"column":21},"end":{"line":56,"column":52}}],"line":56},"9":{"loc":{"start":{"line":74,"column":44},"end":{"line":74,"column":56}},"type":"default-arg","locations":[{"start":{"line":74,"column":54},"end":{"line":74,"column":56}}],"line":74},"10":{"loc":{"start":{"line":76,"column":4},"end":{"line":76,"column":19}},"type":"default-arg","locations":[{"start":{"line":76,"column":18},"end":{"line":76,"column":19}}],"line":76},"11":{"loc":{"start":{"line":77,"column":4},"end":{"line":77,"column":23}},"type":"default-arg","locations":[{"start":{"line":77,"column":18},"end":{"line":77,"column":23}}],"line":77},"12":{"loc":{"start":{"line":95,"column":10},"end":{"line":97,"column":11}},"type":"if","locations":[{"start":{"line":95,"column":10},"end":{"line":97,"column":11}},{"start":{},"end":{}}],"line":95},"13":{"loc":{"start":{"line":121,"column":30},"end":{"line":121,"column":41}},"type":"default-arg","locations":[{"start":{"line":121,"column":37},"end":{"line":121,"column":41}}],"line":121},"14":{"loc":{"start":{"line":132,"column":30},"end":{"line":132,"column":40}},"type":"default-arg","locations":[{"start":{"line":132,"column":37},"end":{"line":132,"column":40}}],"line":132},"15":{"loc":{"start":{"line":145,"column":46},"end":{"line":145,"column":61}},"type":"default-arg","locations":[{"start":{"line":145,"column":58},"end":{"line":145,"column":61}}],"line":145}},"s":{"0":0,"1":0,"2":0,"3":0,"4":0,"5":0,"6":0,"7":0,"8":0,"9":0,"10":0,"11":0,"12":0,"13":0,"14":0,"15":0,"16":0,"17":0,"18":0,"19":0,"20":0,"21":0,"22":0,"23":0,"24":0,"25":0,"26":0,"27":0,"28":0,"29":0,"30":0,"31":0,"32":0,"33":0,"34":0,"35":0,"36":0,"37":0,"38":0,"39":0,"40":0,"41":0,"42":0,"43":0,"44":0,"45":0,"46":0,"47":0,"48":0,"49":0,"50":0,"51":0,"52":0,"53":0,"54":0,"55":0,"56":0,"57":0,"58":0,"59":0,"60":0,"61":0,"62":0,"63":0},"f":{"0":0,"1":0,"2":0,"3":0,"4":0,"5":0,"6":0,"7":0,"8":0},"b":{"0":[0],"1":[0],"2":[0],"3":[0],"4":[0,0],"5":[0,0],"6":[0,0],"7":[0,0],"8":[0,0],"9":[0],"10":[0],"11":[0],"12":[0,0],"13":[0],"14":[0],"15":[0]}}
,"/Users/devang/Documents/local_rabbit/server/src/utils/validation.js": {"path":"/Users/devang/Documents/local_rabbit/server/src/utils/validation.js","statementMap":{"0":{"start":{"line":1,"column":13},"end":{"line":1,"column":28}},"1":{"start":{"line":2,"column":11},"end":{"line":2,"column":24}},"2":{"start":{"line":3,"column":15},"end":{"line":3,"column":35}},"3":{"start":{"line":7,"column":4},"end":{"line":7,"column":32}},"4":{"start":{"line":7,"column":19},"end":{"line":7,"column":32}},"5":{"start":{"line":9,"column":27},"end":{"line":9,"column":51}},"6":{"start":{"line":10,"column":4},"end":{"line":10,"column":52}},"7":{"start":{"line":10,"column":39},"end":{"line":10,"column":52}},"8":{"start":{"line":12,"column":24},"end":{"line":12,"column":46}},"9":{"start":{"line":13,"column":4},"end":{"line":13,"column":67}},"10":{"start":{"line":13,"column":35},"end":{"line":13,"column":65}},"11":{"start":{"line":17,"column":4},"end":{"line":17,"column":68}},"12":{"start":{"line":17,"column":55},"end":{"line":17,"column":68}},"13":{"start":{"line":20,"column":25},"end":{"line":20,"column":52}},"14":{"start":{"line":21,"column":26},"end":{"line":21,"column":69}},"15":{"start":{"line":23,"column":4},"end":{"line":23,"column":77}},"16":{"start":{"line":27,"column":4},"end":{"line":27,"column":29}},"17":{"start":{"line":27,"column":19},"end":{"line":27,"column":29}},"18":{"start":{"line":30,"column":25},"end":{"line":32,"column":16}},"19":{"start":{"line":34,"column":4},"end":{"line":34,"column":40}},"20":{"start":{"line":38,"column":19},"end":{"line":38,"column":21}},"21":{"start":{"line":40,"column":4},"end":{"line":44,"column":5}},"22":{"start":{"line":41,"column":6},"end":{"line":41,"column":49}},"23":{"start":{"line":42,"column":11},"end":{"line":44,"column":5}},"24":{"start":{"line":43,"column":6},"end":{"line":43,"column":45}},"25":{"start":{"line":46,"column":4},"end":{"line":46,"column":18}},"26":{"start":{"line":50,"column":19},"end":{"line":50,"column":21}},"27":{"start":{"line":52,"column":4},"end":{"line":56,"column":5}},"28":{"start":{"line":53,"column":6},"end":{"line":53,"column":47}},"29":{"start":{"line":54,"column":11},"end":{"line":56,"column":5}},"30":{"start":{"line":55,"column":6},"end":{"line":55,"column":48}},"31":{"start":{"line":58,"column":4},"end":{"line":62,"column":5}},"32":{"start":{"line":59,"column":6},"end":{"line":59,"column":47}},"33":{"start":{"line":60,"column":11},"end":{"line":62,"column":5}},"34":{"start":{"line":61,"column":6},"end":{"line":61,"column":48}},"35":{"start":{"line":64,"column":4},"end":{"line":64,"column":18}},"36":{"start":{"line":68,"column":30},"end":{"line":75,"column":5}},"37":{"start":{"line":76,"column":4},"end":{"line":76,"column":49}},"38":{"start":{"line":80,"column":0},"end":{"line":80,"column":33}}},"fnMap":{"0":{"name":"(anonymous_0)","decl":{"start":{"line":6,"column":2},"end":{"line":6,"column":3}},"loc":{"start":{"line":6,"column":31},"end":{"line":14,"column":3}},"line":6},"1":{"name":"(anonymous_1)","decl":{"start":{"line":13,"column":28},"end":{"line":13,"column":29}},"loc":{"start":{"line":13,"column":35},"end":{"line":13,"column":65}},"line":13},"2":{"name":"(anonymous_2)","decl":{"start":{"line":16,"column":2},"end":{"line":16,"column":3}},"loc":{"start":{"line":16,"column":39},"end":{"line":24,"column":3}},"line":16},"3":{"name":"(anonymous_3)","decl":{"start":{"line":26,"column":2},"end":{"line":26,"column":3}},"loc":{"start":{"line":26,"column":32},"end":{"line":35,"column":3}},"line":26},"4":{"name":"(anonymous_4)","decl":{"start":{"line":37,"column":2},"end":{"line":37,"column":3}},"loc":{"start":{"line":37,"column":40},"end":{"line":47,"column":3}},"line":37},"5":{"name":"(anonymous_5)","decl":{"start":{"line":49,"column":2},"end":{"line":49,"column":3}},"loc":{"start":{"line":49,"column":34},"end":{"line":65,"column":3}},"line":49},"6":{"name":"(anonymous_6)","decl":{"start":{"line":67,"column":2},"end":{"line":67,"column":3}},"loc":{"start":{"line":67,"column":40},"end":{"line":77,"column":3}},"line":67}},"branchMap":{"0":{"loc":{"start":{"line":7,"column":4},"end":{"line":7,"column":32}},"type":"if","locations":[{"start":{"line":7,"column":4},"end":{"line":7,"column":32}},{"start":{},"end":{}}],"line":7},"1":{"loc":{"start":{"line":10,"column":4},"end":{"line":10,"column":52}},"type":"if","locations":[{"start":{"line":10,"column":4},"end":{"line":10,"column":52}},{"start":{},"end":{}}],"line":10},"2":{"loc":{"start":{"line":17,"column":4},"end":{"line":17,"column":68}},"type":"if","locations":[{"start":{"line":17,"column":4},"end":{"line":17,"column":68}},{"start":{},"end":{}}],"line":17},"3":{"loc":{"start":{"line":17,"column":8},"end":{"line":17,"column":53}},"type":"binary-expr","locations":[{"start":{"line":17,"column":8},"end":{"line":17,"column":19}},{"start":{"line":17,"column":23},"end":{"line":17,"column":53}}],"line":17},"4":{"loc":{"start":{"line":23,"column":11},"end":{"line":23,"column":76}},"type":"binary-expr","locations":[{"start":{"line":23,"column":11},"end":{"line":23,"column":41}},{"start":{"line":23,"column":45},"end":{"line":23,"column":76}}],"line":23},"5":{"loc":{"start":{"line":27,"column":4},"end":{"line":27,"column":29}},"type":"if","locations":[{"start":{"line":27,"column":4},"end":{"line":27,"column":29}},{"start":{},"end":{}}],"line":27},"6":{"loc":{"start":{"line":30,"column":25},"end":{"line":32,"column":16}},"type":"cond-expr","locations":[{"start":{"line":31,"column":8},"end":{"line":31,"column":50}},{"start":{"line":32,"column":8},"end":{"line":32,"column":16}}],"line":30},"7":{"loc":{"start":{"line":40,"column":4},"end":{"line":44,"column":5}},"type":"if","locations":[{"start":{"line":40,"column":4},"end":{"line":44,"column":5}},{"start":{"line":42,"column":11},"end":{"line":44,"column":5}}],"line":40},"8":{"loc":{"start":{"line":42,"column":11},"end":{"line":44,"column":5}},"type":"if","locations":[{"start":{"line":42,"column":11},"end":{"line":44,"column":5}},{"start":{},"end":{}}],"line":42},"9":{"loc":{"start":{"line":52,"column":4},"end":{"line":56,"column":5}},"type":"if","locations":[{"start":{"line":52,"column":4},"end":{"line":56,"column":5}},{"start":{"line":54,"column":11},"end":{"line":56,"column":5}}],"line":52},"10":{"loc":{"start":{"line":54,"column":11},"end":{"line":56,"column":5}},"type":"if","locations":[{"start":{"line":54,"column":11},"end":{"line":56,"column":5}},{"start":{},"end":{}}],"line":54},"11":{"loc":{"start":{"line":58,"column":4},"end":{"line":62,"column":5}},"type":"if","locations":[{"start":{"line":58,"column":4},"end":{"line":62,"column":5}},{"start":{"line":60,"column":11},"end":{"line":62,"column":5}}],"line":58},"12":{"loc":{"start":{"line":60,"column":11},"end":{"line":62,"column":5}},"type":"if","locations":[{"start":{"line":60,"column":11},"end":{"line":62,"column":5}},{"start":{},"end":{}}],"line":60}},"s":{"0":0,"1":0,"2":0,"3":0,"4":0,"5":0,"6":0,"7":0,"8":0,"9":0,"10":0,"11":0,"12":0,"13":0,"14":0,"15":0,"16":0,"17":0,"18":0,"19":0,"20":0,"21":0,"22":0,"23":0,"24":0,"25":0,"26":0,"27":0,"28":0,"29":0,"30":0,"31":0,"32":0,"33":0,"34":0,"35":0,"36":0,"37":0,"38":0},"f":{"0":0,"1":0,"2":0,"3":0,"4":0,"5":0,"6":0},"b":{"0":[0,0],"1":[0,0],"2":[0,0],"3":[0,0],"4":[0,0],"5":[0,0],"6":[0,0],"7":[0,0],"8":[0,0],"9":[0,0],"10":[0,0],"11":[0,0],"12":[0,0]}}
}
