TN:
SF:src/app.js
FN:34,(anonymous_0)
FN:45,(anonymous_1)
FNF:2
FNH:0
FNDA:0,(anonymous_0)
FNDA:0,(anonymous_1)
DA:1,0
DA:2,0
DA:3,0
DA:4,0
DA:5,0
DA:6,0
DA:7,0
DA:8,0
DA:9,0
DA:10,0
DA:13,0
DA:16,0
DA:17,0
DA:18,0
DA:22,0
DA:25,0
DA:28,0
DA:29,0
DA:32,0
DA:34,0
DA:39,0
DA:42,0
DA:45,0
DA:46,0
DA:50,0
DA:52,0
LF:26
LH:0
BRDA:17,0,0,0
BRDA:17,0,1,0
BRF:2
BRH:0
end_of_record
TN:
SF:src/config.js
FNF:0
FNH:0
DA:1,1
DA:20,1
LF:2
LH:2
BRDA:2,0,0,1
BRDA:2,0,1,0
BRDA:4,1,0,1
BRDA:4,1,1,1
BRDA:8,2,0,1
BRDA:8,2,1,1
BRDA:14,3,0,1
BRDA:14,3,1,1
BRDA:15,4,0,1
BRDA:15,4,1,1
BRDA:16,5,0,1
BRDA:16,5,1,1
BRF:12
BRH:11
end_of_record
TN:
SF:src/index.js
FNF:0
FNH:0
DA:1,0
DA:2,0
DA:3,0
DA:6,0
DA:7,0
DA:8,0
DA:12,0
DA:13,0
DA:14,0
DA:15,0
DA:16,0
LF:11
LH:0
BRDA:7,0,0,0
BRDA:7,0,1,0
BRF:2
BRH:0
end_of_record
TN:
SF:src/controllers/diffController.js
FN:10,(anonymous_0)
FN:15,(anonymous_1)
FN:25,(anonymous_2)
FN:57,(anonymous_3)
FNF:4
FNH:0
FNDA:0,(anonymous_0)
FNDA:0,(anonymous_1)
FNDA:0,(anonymous_2)
FNDA:0,(anonymous_3)
DA:1,0
DA:2,0
DA:3,0
DA:6,0
DA:7,0
DA:10,0
DA:11,0
DA:12,0
DA:14,0
DA:16,0
DA:17,0
DA:25,0
DA:26,0
DA:27,0
DA:29,0
DA:30,0
DA:33,0
DA:34,0
DA:38,0
DA:40,0
DA:47,0
DA:48,0
DA:57,0
DA:58,0
DA:59,0
DA:61,0
DA:62,0
DA:65,0
DA:66,0
DA:70,0
DA:73,0
DA:75,0
DA:82,0
DA:83,0
LF:34
LH:0
BRDA:11,0,0,0
BRDA:11,0,1,0
BRDA:29,1,0,0
BRDA:29,1,1,0
BRDA:33,2,0,0
BRDA:33,2,1,0
BRDA:33,3,0,0
BRDA:33,3,1,0
BRDA:61,4,0,0
BRDA:61,4,1,0
BRDA:65,5,0,0
BRDA:65,5,1,0
BRDA:65,6,0,0
BRDA:65,6,1,0
BRF:14
BRH:0
end_of_record
TN:
SF:src/controllers/repositoryController.js
FN:10,(anonymous_0)
FN:20,(anonymous_1)
FN:41,(anonymous_2)
FN:56,(anonymous_3)
FN:91,(anonymous_4)
FN:115,(anonymous_5)
FNF:6
FNH:0
FNDA:0,(anonymous_0)
FNDA:0,(anonymous_1)
FNDA:0,(anonymous_2)
FNDA:0,(anonymous_3)
FNDA:0,(anonymous_4)
FNDA:0,(anonymous_5)
DA:1,0
DA:2,0
DA:3,0
DA:4,0
DA:7,0
DA:10,0
DA:11,0
DA:12,0
DA:20,0
DA:21,0
DA:24,0
DA:25,0
DA:29,0
DA:30,0
DA:33,0
DA:41,0
DA:42,0
DA:43,0
DA:44,0
DA:46,0
DA:47,0
DA:56,0
DA:57,0
DA:59,0
DA:60,0
DA:63,0
DA:64,0
DA:65,0
DA:66,0
DA:69,0
DA:70,0
DA:71,0
DA:73,0
DA:75,0
DA:81,0
DA:82,0
DA:91,0
DA:92,0
DA:93,0
DA:96,0
DA:97,0
DA:98,0
DA:100,0
DA:105,0
DA:106,0
DA:115,0
DA:116,0
DA:117,0
DA:118,0
DA:121,0
DA:122,0
DA:124,0
DA:131,0
DA:132,0
LF:54
LH:0
BRDA:21,0,0,0
BRDA:21,0,1,0
BRDA:24,1,0,0
BRDA:24,1,1,0
BRDA:24,2,0,0
BRDA:24,2,1,0
BRDA:29,3,0,0
BRDA:29,3,1,0
BRDA:59,4,0,0
BRDA:59,4,1,0
BRDA:65,5,0,0
BRDA:65,5,1,0
BRDA:92,6,0,0
BRDA:92,6,1,0
BRDA:117,7,0,0
BRDA:117,7,1,0
BRDA:127,8,0,0
BRDA:127,8,1,0
BRF:18
BRH:0
end_of_record
TN:
SF:src/middleware/cors.js
FNF:0
FNH:0
DA:1,0
DA:2,0
DA:7,0
DA:15,0
LF:4
LH:0
BRF:0
BRH:0
end_of_record
TN:
SF:src/middleware/errorHandler.js
FN:11,(anonymous_0)
FNF:1
FNH:0
FNDA:0,(anonymous_0)
DA:1,0
DA:2,0
DA:11,0
DA:12,0
DA:14,0
DA:21,0
DA:22,0
DA:27,0
DA:28,0
DA:31,0
DA:34,0
LF:11
LH:0
BRDA:21,0,0,0
BRDA:21,0,1,0
BRDA:24,1,0,0
BRDA:24,1,1,0
BRDA:27,2,0,0
BRDA:27,2,1,0
BRF:6
BRH:0
end_of_record
TN:
SF:src/middleware/requestLogger.js
FN:9,(anonymous_0)
FN:21,(anonymous_1)
FNF:2
FNH:0
FNDA:0,(anonymous_0)
FNDA:0,(anonymous_1)
DA:1,0
DA:9,0
DA:10,0
DA:13,0
DA:21,0
DA:22,0
DA:24,0
DA:26,0
DA:34,0
DA:37,0
LF:10
LH:0
BRDA:24,0,0,0
BRDA:24,0,1,0
BRF:2
BRH:0
end_of_record
TN:
SF:src/routes/diffRoutes.js
FNF:0
FNH:0
DA:1,0
DA:2,0
DA:4,0
DA:11,0
DA:18,0
DA:20,0
LF:6
LH:0
BRF:0
BRH:0
end_of_record
TN:
SF:src/routes/index.js
FN:12,(anonymous_0)
FNF:1
FNH:0
FNDA:0,(anonymous_0)
DA:1,0
DA:2,0
DA:3,0
DA:5,0
DA:8,0
DA:9,0
DA:12,0
DA:13,0
DA:16,0
LF:9
LH:0
BRF:0
BRH:0
end_of_record
TN:
SF:src/routes/repositoryRoutes.js
FNF:0
FNH:0
DA:1,0
DA:2,0
DA:4,0
DA:11,0
DA:18,0
DA:25,0
DA:32,0
DA:34,0
LF:8
LH:0
BRF:0
BRH:0
end_of_record
TN:
SF:src/services/AnalyzerService.js
FN:13,(anonymous_0)
FN:21,(anonymous_1)
FN:30,(anonymous_2)
FN:34,(anonymous_3)
FN:46,(anonymous_4)
FN:63,(anonymous_5)
FN:69,(anonymous_6)
FN:87,(anonymous_7)
FN:108,(anonymous_8)
FN:130,(anonymous_9)
FN:141,(anonymous_10)
FN:169,(anonymous_11)
FN:171,(anonymous_12)
FN:172,(anonymous_13)
FN:182,(anonymous_14)
FNF:15
FNH:9
FNDA:1,(anonymous_0)
FNDA:0,(anonymous_1)
FNDA:4,(anonymous_2)
FNDA:1001,(anonymous_3)
FNDA:1001,(anonymous_4)
FNDA:5,(anonymous_5)
FNDA:1012,(anonymous_6)
FNDA:1005,(anonymous_7)
FNDA:2006,(anonymous_8)
FNDA:1004,(anonymous_9)
FNDA:0,(anonymous_10)
FNDA:0,(anonymous_11)
FNDA:0,(anonymous_12)
FNDA:0,(anonymous_13)
FNDA:0,(anonymous_14)
DA:1,1
DA:3,1
DA:4,1
DA:7,1
DA:14,1
DA:22,0
DA:31,4
DA:32,4
DA:33,4
DA:35,1001
DA:36,1001
DA:47,1001
DA:51,4
DA:53,0
DA:54,0
DA:64,5
DA:66,4
DA:67,4
DA:69,4
DA:70,1012
DA:71,1002
DA:72,1002
DA:73,10
DA:74,9
DA:78,4
DA:79,4
DA:88,1005
DA:100,1005
DA:109,2006
DA:110,2006
DA:112,2006
DA:113,1
DA:114,2005
DA:115,1
DA:118,2006
DA:131,1004
DA:132,1003
DA:133,1002
DA:142,0
DA:144,0
DA:147,0
DA:149,0
DA:155,0
DA:156,0
DA:170,0
DA:171,0
DA:172,0
DA:175,0
DA:182,0
DA:183,0
DA:184,0
DA:186,0
DA:192,0
DA:193,0
DA:194,0
DA:195,0
DA:197,0
DA:200,0
DA:210,1
LF:59
LH:36
BRDA:13,0,0,1
BRDA:64,1,0,1
BRDA:64,1,1,4
BRDA:70,2,0,1002
BRDA:70,2,1,10
BRDA:71,3,0,999
BRDA:71,3,1,3
BRDA:73,4,0,9
BRDA:73,4,1,1
BRDA:78,5,0,3
BRDA:78,5,1,1
BRDA:100,6,0,1005
BRDA:100,6,1,1003
BRDA:112,7,0,1
BRDA:112,7,1,2005
BRDA:114,8,0,1
BRDA:114,8,1,2004
BRDA:131,9,0,1
BRDA:131,9,1,1003
BRDA:132,10,0,1
BRDA:132,10,1,1002
BRDA:183,11,0,0
BRDA:183,11,1,0
BRDA:183,12,0,0
BRDA:183,12,1,0
BRDA:192,13,0,0
BRDA:192,13,1,0
BRDA:194,14,0,0
BRDA:194,14,1,0
BRF:29
BRH:21
end_of_record
TN:
SF:src/services/GitService.js
FN:10,(anonymous_0)
FN:20,(anonymous_1)
FN:32,(anonymous_2)
FN:36,(anonymous_3)
FN:46,(anonymous_4)
FN:55,(anonymous_5)
FN:68,(anonymous_6)
FN:81,(anonymous_7)
FN:97,(anonymous_8)
FN:110,(anonymous_9)
FN:142,(anonymous_10)
FN:164,(anonymous_11)
FN:190,(anonymous_12)
FN:207,(anonymous_13)
FN:215,(anonymous_14)
FN:216,(anonymous_15)
FN:233,(anonymous_16)
FN:263,(anonymous_17)
FN:278,(anonymous_18)
FN:293,(anonymous_19)
FN:309,(anonymous_20)
FNF:21
FNH:0
FNDA:0,(anonymous_0)
FNDA:0,(anonymous_1)
FNDA:0,(anonymous_2)
FNDA:0,(anonymous_3)
FNDA:0,(anonymous_4)
FNDA:0,(anonymous_5)
FNDA:0,(anonymous_6)
FNDA:0,(anonymous_7)
FNDA:0,(anonymous_8)
FNDA:0,(anonymous_9)
FNDA:0,(anonymous_10)
FNDA:0,(anonymous_11)
FNDA:0,(anonymous_12)
FNDA:0,(anonymous_13)
FNDA:0,(anonymous_14)
FNDA:0,(anonymous_15)
FNDA:0,(anonymous_16)
FNDA:0,(anonymous_17)
FNDA:0,(anonymous_18)
FNDA:0,(anonymous_19)
FNDA:0,(anonymous_20)
DA:1,0
DA:2,0
DA:3,0
DA:4,0
DA:5,0
DA:6,0
DA:7,0
DA:10,0
DA:11,0
DA:13,0
DA:16,0
DA:19,0
DA:20,0
DA:21,0
DA:22,0
DA:27,0
DA:32,0
DA:37,0
DA:38,0
DA:39,0
DA:47,0
DA:48,0
DA:56,0
DA:57,0
DA:59,0
DA:60,0
DA:69,0
DA:70,0
DA:72,0
DA:73,0
DA:82,0
DA:83,0
DA:84,0
DA:86,0
DA:87,0
DA:98,0
DA:99,0
DA:101,0
DA:102,0
DA:111,0
DA:112,0
DA:115,0
DA:116,0
DA:117,0
DA:121,0
DA:123,0
DA:124,0
DA:125,0
DA:126,0
DA:127,0
DA:128,0
DA:130,0
DA:131,0
DA:133,0
DA:134,0
DA:143,0
DA:144,0
DA:147,0
DA:148,0
DA:152,0
DA:153,0
DA:155,0
DA:156,0
DA:165,0
DA:166,0
DA:168,0
DA:177,0
DA:178,0
DA:180,0
DA:182,0
DA:183,0
DA:186,0
DA:187,0
DA:188,0
DA:190,0
DA:191,0
DA:192,0
DA:195,0
DA:200,0
DA:203,0
DA:204,0
DA:207,0
DA:208,0
DA:209,0
DA:212,0
DA:214,0
DA:215,0
DA:216,0
DA:219,0
DA:220,0
DA:222,0
DA:223,0
DA:224,0
DA:226,0
DA:228,0
DA:229,0
DA:233,0
DA:234,0
DA:237,0
DA:242,0
DA:246,0
DA:250,0
DA:251,0
DA:253,0
DA:254,0
DA:264,0
DA:265,0
DA:266,0
DA:268,0
DA:279,0
DA:280,0
DA:282,0
DA:283,0
DA:294,0
DA:295,0
DA:300,0
DA:301,0
DA:310,0
DA:311,0
DA:313,0
DA:314,0
DA:319,0
LF:122
LH:0
BRDA:10,0,0,0
BRDA:11,1,0,0
BRDA:11,1,1,0
BRDA:16,2,0,0
BRDA:16,2,1,0
BRDA:19,3,0,0
BRDA:19,3,1,0
BRDA:36,4,0,0
BRDA:115,5,0,0
BRDA:115,5,1,0
BRDA:121,6,0,0
BRDA:121,6,1,0
BRDA:125,7,0,0
BRDA:125,7,1,0
BRDA:147,8,0,0
BRDA:147,8,1,0
BRDA:187,9,0,0
BRDA:187,9,1,0
BRDA:191,10,0,0
BRDA:191,10,1,0
BRDA:191,11,0,0
BRDA:191,11,1,0
BRDA:212,12,0,0
BRDA:212,12,1,0
BRDA:212,13,0,0
BRDA:212,13,1,0
BRDA:226,14,0,0
BRDA:226,14,1,0
BRDA:229,15,0,0
BRDA:229,15,1,0
BRDA:234,16,0,0
BRDA:234,16,1,0
BRDA:234,17,0,0
BRDA:234,17,1,0
BRDA:293,18,0,0
BRF:35
BRH:0
end_of_record
TN:
SF:src/services/SecureGitService.js
FN:7,(anonymous_0)
FN:12,(anonymous_1)
FN:15,(anonymous_2)
FN:33,(anonymous_3)
FN:34,(anonymous_4)
FN:39,(anonymous_5)
FN:50,(anonymous_6)
FN:55,(anonymous_7)
FN:68,(anonymous_8)
FN:74,(anonymous_9)
FNF:10
FNH:0
FNDA:0,(anonymous_0)
FNDA:0,(anonymous_1)
FNDA:0,(anonymous_2)
FNDA:0,(anonymous_3)
FNDA:0,(anonymous_4)
FNDA:0,(anonymous_5)
FNDA:0,(anonymous_6)
FNDA:0,(anonymous_7)
FNDA:0,(anonymous_8)
FNDA:0,(anonymous_9)
DA:1,0
DA:2,0
DA:3,0
DA:4,0
DA:8,0
DA:9,0
DA:12,0
DA:16,0
DA:18,0
DA:22,0
DA:24,0
DA:25,0
DA:26,0
DA:29,0
DA:30,0
DA:34,0
DA:35,0
DA:40,0
DA:41,0
DA:42,0
DA:43,0
DA:44,0
DA:46,0
DA:51,0
DA:52,0
DA:55,0
DA:57,0
DA:58,0
DA:59,0
DA:61,0
DA:65,0
DA:69,0
DA:71,0
DA:72,0
DA:74,0
DA:75,0
DA:79,0
DA:82,0
DA:83,0
DA:84,0
DA:88,0
DA:93,0
LF:42
LH:0
BRDA:16,0,0,0
BRDA:16,0,1,0
BRDA:18,1,0,0
BRDA:18,1,1,0
BRDA:24,2,0,0
BRDA:24,2,1,0
BRDA:35,3,0,0
BRDA:35,3,1,0
BRDA:40,4,0,0
BRDA:40,4,1,0
BRDA:68,5,0,0
BRDA:69,6,0,0
BRDA:69,6,1,0
BRDA:74,7,0,0
BRDA:74,7,1,0
BRDA:83,8,0,0
BRDA:83,8,1,0
BRDA:83,9,0,0
BRDA:83,9,1,0
BRF:19
BRH:0
end_of_record
TN:
SF:src/utils/coverage-tracker.js
FN:6,(anonymous_0)
FN:12,(anonymous_1)
FN:32,(anonymous_2)
FN:37,(anonymous_3)
FN:52,(anonymous_4)
FN:63,(anonymous_5)
FN:70,(anonymous_6)
FN:75,(anonymous_7)
FN:80,(anonymous_8)
FN:82,(anonymous_9)
FNF:10
FNH:0
FNDA:0,(anonymous_0)
FNDA:0,(anonymous_1)
FNDA:0,(anonymous_2)
FNDA:0,(anonymous_3)
FNDA:0,(anonymous_4)
FNDA:0,(anonymous_5)
FNDA:0,(anonymous_6)
FNDA:0,(anonymous_7)
FNDA:0,(anonymous_8)
FNDA:0,(anonymous_9)
DA:1,0
DA:2,0
DA:3,0
DA:7,0
DA:8,0
DA:9,0
DA:13,0
DA:14,0
DA:20,0
DA:21,0
DA:28,0
DA:29,0
DA:33,0
DA:34,0
DA:35,0
DA:37,0
DA:46,0
DA:48,0
DA:53,0
DA:54,0
DA:56,0
DA:63,0
DA:71,0
DA:72,0
DA:76,0
DA:77,0
DA:81,0
DA:82,0
DA:93,0
LF:29
LH:0
BRDA:54,0,0,0
BRDA:54,0,1,0
BRDA:72,1,0,0
BRDA:72,1,1,0
BRDA:77,2,0,0
BRDA:77,2,1,0
BRF:6
BRH:0
end_of_record
TN:
SF:src/utils/logger.js
FN:18,(anonymous_0)
FN:22,(anonymous_1)
FN:54,(anonymous_2)
FN:96,(anonymous_3)
FN:96,(anonymous_4)
FN:105,(anonymous_5)
FN:108,(anonymous_6)
FN:109,(anonymous_7)
FN:126,(anonymous_8)
FN:130,(anonymous_9)
FN:134,(anonymous_10)
FN:138,(anonymous_11)
FN:142,(anonymous_12)
FNF:13
FNH:2
FNDA:0,(anonymous_0)
FNDA:0,(anonymous_1)
FNDA:0,(anonymous_2)
FNDA:0,(anonymous_3)
FNDA:0,(anonymous_4)
FNDA:1,(anonymous_5)
FNDA:5,(anonymous_6)
FNDA:0,(anonymous_7)
FNDA:0,(anonymous_8)
FNDA:0,(anonymous_9)
FNDA:0,(anonymous_10)
FNDA:0,(anonymous_11)
FNDA:0,(anonymous_12)
DA:1,1
DA:2,1
DA:3,1
DA:4,1
DA:8,1
DA:16,1
DA:22,0
DA:23,0
DA:25,0
DA:27,0
DA:29,0
DA:31,0
DA:33,0
DA:35,0
DA:37,0
DA:39,0
DA:43,0
DA:44,0
DA:45,0
DA:49,0
DA:54,1
DA:58,0
DA:59,0
DA:60,0
DA:62,0
DA:67,1
DA:86,1
DA:87,1
DA:96,1
DA:105,1
DA:106,1
DA:108,1
DA:109,5
DA:110,0
DA:111,0
DA:112,0
DA:113,0
DA:114,0
DA:115,0
DA:116,0
DA:118,0
DA:122,1
DA:126,1
DA:127,0
DA:130,1
DA:131,0
DA:134,1
DA:135,0
DA:138,1
DA:139,0
DA:142,1
DA:143,0
DA:144,0
DA:146,0
DA:151,1
LF:55
LH:22
BRDA:23,0,0,0
BRDA:23,0,1,0
BRDA:23,0,2,0
BRDA:23,0,3,0
BRDA:23,0,4,0
BRDA:23,0,5,0
BRDA:23,0,6,0
BRDA:23,0,7,0
BRDA:45,1,0,0
BRDA:45,1,1,0
BRDA:58,2,0,0
BRDA:58,2,1,0
BRDA:59,3,0,0
BRDA:59,3,1,0
BRDA:60,4,0,0
BRDA:60,4,1,0
BRDA:62,5,0,0
BRDA:62,5,1,0
BRDA:68,6,0,1
BRDA:68,6,1,1
BRDA:86,7,0,1
BRDA:86,7,1,0
BRDA:96,8,0,0
BRDA:109,9,0,0
BRDA:113,10,0,0
BRDA:113,10,1,0
BRDA:126,11,0,0
BRDA:130,12,0,0
BRDA:134,13,0,0
BRDA:138,14,0,0
BRDA:142,15,0,0
BRDA:143,16,0,0
BRDA:143,16,1,0
BRF:33
BRH:3
end_of_record
TN:
SF:src/utils/monitoring.js
FN:5,(anonymous_0)
FN:31,(anonymous_1)
FN:32,(anonymous_2)
FN:51,(anonymous_3)
FN:62,(anonymous_4)
FNF:5
FNH:0
FNDA:0,(anonymous_0)
FNDA:0,(anonymous_1)
FNDA:0,(anonymous_2)
FNDA:0,(anonymous_3)
FNDA:0,(anonymous_4)
DA:1,0
DA:2,0
DA:6,0
DA:22,0
DA:28,0
DA:32,0
DA:33,0
DA:34,0
DA:37,0
DA:38,0
DA:42,0
DA:43,0
DA:47,0
DA:48,0
DA:52,0
DA:53,0
DA:63,0
DA:64,0
DA:74,0
DA:75,0
DA:76,0
DA:80,0
DA:81,0
DA:82,0
DA:83,0
DA:86,0
DA:90,0
LF:27
LH:0
BRDA:31,0,0,0
BRDA:37,1,0,0
BRDA:37,1,1,0
BRDA:42,2,0,0
BRDA:42,2,1,0
BRDA:74,3,0,0
BRDA:74,3,1,0
BRDA:80,4,0,0
BRDA:80,4,1,0
BRDA:81,5,0,0
BRDA:81,5,1,0
BRDA:82,6,0,0
BRDA:82,6,1,0
BRF:13
BRH:0
end_of_record
TN:
SF:src/utils/performance-analyzer.js
FN:25,(anonymous_0)
FN:26,(anonymous_1)
FN:27,(anonymous_2)
FN:28,(anonymous_3)
FN:29,(anonymous_4)
FN:30,(anonymous_5)
FN:40,(anonymous_6)
FN:66,(anonymous_7)
FN:87,(anonymous_8)
FN:89,(anonymous_9)
FN:89,(anonymous_10)
FN:100,(anonymous_11)
FN:105,(anonymous_12)
FN:106,(anonymous_13)
FN:110,(anonymous_14)
FN:114,(anonymous_15)
FN:129,(anonymous_16)
FN:137,(anonymous_17)
FN:156,(anonymous_18)
FN:158,(anonymous_19)
FN:158,(anonymous_20)
FN:160,(anonymous_21)
FN:166,(anonymous_22)
FN:169,(anonymous_23)
FN:170,(anonymous_24)
FN:175,(anonymous_25)
FN:179,(anonymous_26)
FN:194,(anonymous_27)
FN:196,(anonymous_28)
FN:212,(anonymous_29)
FN:229,(anonymous_30)
FN:235,(anonymous_31)
FN:252,(anonymous_32)
FN:269,iterateValues
FN:292,(anonymous_34)
FN:307,(anonymous_35)
FN:346,(anonymous_36)
FN:350,(anonymous_37)
FN:363,(anonymous_38)
FN:376,(anonymous_39)
FN:391,(anonymous_40)
FN:395,(anonymous_41)
FN:410,(anonymous_42)
FN:412,(anonymous_43)
FN:422,(anonymous_44)
FNF:45
FNH:0
FNDA:0,(anonymous_0)
FNDA:0,(anonymous_1)
FNDA:0,(anonymous_2)
FNDA:0,(anonymous_3)
FNDA:0,(anonymous_4)
FNDA:0,(anonymous_5)
FNDA:0,(anonymous_6)
FNDA:0,(anonymous_7)
FNDA:0,(anonymous_8)
FNDA:0,(anonymous_9)
FNDA:0,(anonymous_10)
FNDA:0,(anonymous_11)
FNDA:0,(anonymous_12)
FNDA:0,(anonymous_13)
FNDA:0,(anonymous_14)
FNDA:0,(anonymous_15)
FNDA:0,(anonymous_16)
FNDA:0,(anonymous_17)
FNDA:0,(anonymous_18)
FNDA:0,(anonymous_19)
FNDA:0,(anonymous_20)
FNDA:0,(anonymous_21)
FNDA:0,(anonymous_22)
FNDA:0,(anonymous_23)
FNDA:0,(anonymous_24)
FNDA:0,(anonymous_25)
FNDA:0,(anonymous_26)
FNDA:0,(anonymous_27)
FNDA:0,(anonymous_28)
FNDA:0,(anonymous_29)
FNDA:0,(anonymous_30)
FNDA:0,(anonymous_31)
FNDA:0,(anonymous_32)
FNDA:0,iterateValues
FNDA:0,(anonymous_34)
FNDA:0,(anonymous_35)
FNDA:0,(anonymous_36)
FNDA:0,(anonymous_37)
FNDA:0,(anonymous_38)
FNDA:0,(anonymous_39)
FNDA:0,(anonymous_40)
FNDA:0,(anonymous_41)
FNDA:0,(anonymous_42)
FNDA:0,(anonymous_43)
FNDA:0,(anonymous_44)
DA:8,0
DA:9,0
DA:10,0
DA:11,0
DA:12,0
DA:13,0
DA:14,0
DA:15,0
DA:18,0
DA:19,0
DA:20,0
DA:24,0
DA:25,0
DA:26,0
DA:27,0
DA:28,0
DA:29,0
DA:30,0
DA:40,0
DA:41,0
DA:43,0
DA:44,0
DA:45,0
DA:47,0
DA:48,0
DA:50,0
DA:66,0
DA:67,0
DA:69,0
DA:70,0
DA:72,0
DA:74,0
DA:75,0
DA:76,0
DA:78,0
DA:87,0
DA:89,0
DA:96,0
DA:97,0
DA:100,0
DA:101,0
DA:103,0
DA:105,0
DA:106,0
DA:110,0
DA:113,0
DA:114,0
DA:115,0
DA:116,0
DA:117,0
DA:119,0
DA:122,0
DA:125,0
DA:129,0
DA:130,0
DA:131,0
DA:133,0
DA:135,0
DA:137,0
DA:141,0
DA:144,0
DA:147,0
DA:156,0
DA:158,0
DA:159,0
DA:160,0
DA:161,0
DA:166,0
DA:169,0
DA:170,0
DA:171,0
DA:175,0
DA:176,0
DA:179,0
DA:182,0
DA:185,0
DA:194,0
DA:196,0
DA:197,0
DA:198,0
DA:201,0
DA:202,0
DA:203,0
DA:206,0
DA:209,0
DA:212,0
DA:213,0
DA:215,0
DA:217,0
DA:220,0
DA:229,0
DA:230,0
DA:231,0
DA:232,0
DA:235,0
DA:236,0
DA:237,0
DA:241,0
DA:244,0
DA:245,0
DA:248,0
DA:252,0
DA:253,0
DA:255,0
DA:257,0
DA:260,0
DA:268,0
DA:269,0
DA:270,0
DA:271,0
DA:272,0
DA:273,0
DA:277,0
DA:280,0
DA:283,0
DA:292,0
DA:293,0
DA:294,0
DA:296,0
DA:297,0
DA:299,0
DA:300,0
DA:301,0
DA:302,0
DA:305,0
DA:307,0
DA:308,0
DA:309,0
DA:313,0
DA:322,0
DA:327,0
DA:329,0
DA:330,0
DA:335,0
DA:336,0
DA:339,0
DA:347,0
DA:351,0
DA:352,0
DA:353,0
DA:354,0
DA:355,0
DA:356,0
DA:358,0
DA:359,0
DA:364,0
DA:365,0
DA:366,0
DA:367,0
DA:368,0
DA:369,0
DA:371,0
DA:372,0
DA:377,0
DA:378,0
DA:385,0
DA:386,0
DA:387,0
DA:388,0
DA:392,0
DA:393,0
DA:395,0
DA:396,0
DA:397,0
DA:399,0
DA:411,0
DA:412,0
DA:413,0
DA:419,0
DA:423,0
DA:424,0
DA:426,0
DA:431,0
LF:173
LH:0
BRDA:19,0,0,0
BRDA:19,0,1,0
BRDA:40,1,0,0
BRDA:66,2,0,0
BRDA:116,3,0,0
BRDA:116,3,1,0
BRDA:197,4,0,0
BRDA:197,4,1,0
BRDA:229,5,0,0
BRDA:230,6,0,0
BRDA:230,6,1,0
BRDA:236,7,0,0
BRDA:236,7,1,0
BRDA:270,8,0,0
BRDA:270,8,1,0
BRDA:272,9,0,0
BRDA:272,9,1,0
BRDA:335,10,0,0
BRDA:335,10,1,0
BRDA:377,11,0,0
BRDA:377,11,1,0
BRDA:393,12,0,0
BRDA:393,12,1,0
BRDA:423,13,0,0
BRDA:423,13,1,0
BRF:25
BRH:0
end_of_record
TN:
SF:src/utils/performance.js
FN:20,(anonymous_0)
FN:31,(anonymous_1)
FN:40,(anonymous_2)
FN:52,(anonymous_3)
FN:74,(anonymous_4)
FN:91,(anonymous_5)
FN:121,(anonymous_6)
FN:132,(anonymous_7)
FN:145,(anonymous_8)
FNF:9
FNH:0
FNDA:0,(anonymous_0)
FNDA:0,(anonymous_1)
FNDA:0,(anonymous_2)
FNDA:0,(anonymous_3)
FNDA:0,(anonymous_4)
FNDA:0,(anonymous_5)
FNDA:0,(anonymous_6)
FNDA:0,(anonymous_7)
FNDA:0,(anonymous_8)
DA:6,0
DA:7,0
DA:8,0
DA:9,0
DA:20,0
DA:25,0
DA:27,0
DA:28,0
DA:30,0
DA:32,0
DA:33,0
DA:35,0
DA:38,0
DA:39,0
DA:40,0
DA:42,0
DA:43,0
DA:46,0
DA:52,0
DA:53,0
DA:54,0
DA:56,0
DA:57,0
DA:58,0
DA:61,0
DA:74,0
DA:78,0
DA:80,0
DA:81,0
DA:87,0
DA:88,0
DA:92,0
DA:93,0
DA:95,0
DA:96,0
DA:98,0
DA:99,0
DA:104,0
DA:105,0
DA:107,0
DA:109,0
DA:110,0
DA:111,0
DA:121,0
DA:132,0
DA:145,0
DA:146,0
DA:147,0
DA:153,0
DA:154,0
DA:156,0
DA:157,0
DA:158,0
DA:161,0
DA:162,0
DA:164,0
DA:165,0
DA:168,0
DA:169,0
DA:171,0
DA:174,0
LF:61
LH:0
BRDA:20,0,0,0
BRDA:22,1,0,0
BRDA:23,2,0,0
BRDA:24,3,0,0
BRDA:33,4,0,0
BRDA:33,4,1,0
BRDA:38,5,0,0
BRDA:38,5,1,0
BRDA:53,6,0,0
BRDA:53,6,1,0
BRDA:56,7,0,0
BRDA:56,7,1,0
BRDA:56,8,0,0
BRDA:56,8,1,0
BRDA:74,9,0,0
BRDA:76,10,0,0
BRDA:77,11,0,0
BRDA:95,12,0,0
BRDA:95,12,1,0
BRDA:121,13,0,0
BRDA:132,14,0,0
BRDA:145,15,0,0
BRF:22
BRH:0
end_of_record
TN:
SF:src/utils/validation.js
FN:6,(anonymous_0)
FN:13,(anonymous_1)
FN:16,(anonymous_2)
FN:26,(anonymous_3)
FN:37,(anonymous_4)
FN:49,(anonymous_5)
FN:67,(anonymous_6)
FNF:7
FNH:0
FNDA:0,(anonymous_0)
FNDA:0,(anonymous_1)
FNDA:0,(anonymous_2)
FNDA:0,(anonymous_3)
FNDA:0,(anonymous_4)
FNDA:0,(anonymous_5)
FNDA:0,(anonymous_6)
DA:1,0
DA:2,0
DA:3,0
DA:7,0
DA:9,0
DA:10,0
DA:12,0
DA:13,0
DA:17,0
DA:20,0
DA:21,0
DA:23,0
DA:27,0
DA:30,0
DA:34,0
DA:38,0
DA:40,0
DA:41,0
DA:42,0
DA:43,0
DA:46,0
DA:50,0
DA:52,0
DA:53,0
DA:54,0
DA:55,0
DA:58,0
DA:59,0
DA:60,0
DA:61,0
DA:64,0
DA:68,0
DA:76,0
DA:80,0
LF:34
LH:0
BRDA:7,0,0,0
BRDA:7,0,1,0
BRDA:10,1,0,0
BRDA:10,1,1,0
BRDA:17,2,0,0
BRDA:17,2,1,0
BRDA:17,3,0,0
BRDA:17,3,1,0
BRDA:23,4,0,0
BRDA:23,4,1,0
BRDA:27,5,0,0
BRDA:27,5,1,0
BRDA:30,6,0,0
BRDA:30,6,1,0
BRDA:40,7,0,0
BRDA:40,7,1,0
BRDA:42,8,0,0
BRDA:42,8,1,0
BRDA:52,9,0,0
BRDA:52,9,1,0
BRDA:54,10,0,0
BRDA:54,10,1,0
BRDA:58,11,0,0
BRDA:58,11,1,0
BRDA:60,12,0,0
BRDA:60,12,1,0
BRF:26
BRH:0
end_of_record
