src/components/AIAnalyzer.early.test/AIAnalyzer.early.test.jsx(16,53): error TS1005: ',' expected.
src/components/AIAnalyzer.early.test/AIAnalyzer.early.test.jsx(16,59): error TS1005: ',' expected.
src/components/AIAnalyzer.early.test/AIAnalyzer.early.test.jsx(16,64): error TS1005: ',' expected.
src/components/AIAnalyzer.early.test/AIAnalyzer.early.test.jsx(16,69): error TS1005: ':' expected.
src/components/AIAnalyzer/AIAnalyzer.jsx(124,100): error TS1003: Identifier expected.
src/components/AIAnalyzer/AIAnalyzer.jsx(129,8): error TS1382: Unexpected token. Did you mean `{'>'}` or `&gt;`?
src/components/Terminal/TerminalPreview.jsx(63,18): error TS1005: ',' expected.
src/components/Terminal/TerminalPreview.jsx(63,20): error TS1005: ':' expected.
src/config.js(2,29): error TS1003: Identifier expected.
src/config/index.js(2,22): error TS1003: Identifier expected.
src/core/application/config.js(9,22): error TS1003: Identifier expected.
src/core/application/config.js(11,18): error TS1003: Identifier expected.
src/infrastructure/di/container.js(86,8): error TS1003: Identifier expected.
src/infrastructure/di/container.js(95,27): error TS1003: Identifier expected.
src/presentation/components/ai/AIAnalyzer.jsx(88,100): error TS1003: Identifier expected.
src/presentation/components/ai/AIAnalyzer.jsx(90,6): error TS1382: Unexpected token. Did you mean `{'>'}` or `&gt;`?
src/tests/components/DiffViewer.test.jsx(222,54): error TS1005: ',' expected.
src/tests/components/DiffViewer.test.jsx(222,59): error TS1005: ',' expected.
src/tests/components/DiffViewer.test.jsx(222,62): error TS1005: ':' expected.
src/tests/components/DiffViewer.test.jsx(223,63): error TS1005: ',' expected.
src/tests/components/DiffViewer.test.jsx(223,68): error TS1005: ',' expected.
src/tests/components/DiffViewer.test.jsx(223,71): error TS1005: ':' expected.
src/tests/setup.js(109,13): error TS1003: Identifier expected.
src/tests/setup.js(110,10): error TS1003: Identifier expected.
src/tests/setup.js(112,8): error TS1003: Identifier expected.
src/tests/setup.js(116,12): error TS1003: Identifier expected.
src/tests/setup.js(117,10): error TS1003: Identifier expected.
src/tests/setup.js(117,82): error TS1003: Identifier expected.
src/tests/setup.js(228,13): error TS1003: Identifier expected.
src/tests/setup.js(229,10): error TS1003: Identifier expected.
src/tests/setup.js(231,8): error TS1003: Identifier expected.
src/tests/setup.js(235,12): error TS1003: Identifier expected.
src/tests/setup.js(236,10): error TS1003: Identifier expected.
src/tests/setup.js(236,82): error TS1003: Identifier expected.
src/tests/setup.js(302,10): error TS1003: Identifier expected.
src/tests/setup.js(321,14): error TS1003: Identifier expected.
src/tests/setup.js(324,10): error TS1003: Identifier expected.
src/tests/setup.js(342,27): error TS1003: Identifier expected.
src/tests/setup.js(365,27): error TS1003: Identifier expected.
src/tests/setup.js(371,29): error TS1003: Identifier expected.
src/tests/setup.js(371,94): error TS1003: Identifier expected.
src/tests/setup.js(401,29): error TS1003: Identifier expected.
src/tests/setup.js(419,17): error TS1003: Identifier expected.
src/tests/setup.js(675,22): error TS1003: Identifier expected.
src/tests/setup.js(695,23): error TS1003: Identifier expected.
src/tests/setup.js(696,30): error TS1003: Identifier expected.
src/tests/setup.js(721,23): error TS1003: Identifier expected.
src/tests/setup.js(722,30): error TS1003: Identifier expected.
src/tests/setup.js(815,8): error TS1003: Identifier expected.
src/tests/setup.js(821,15): error TS1003: Identifier expected.
src/tests/setup.js(833,13): error TS1003: Identifier expected.
src/tests/setup.js(834,10): error TS1003: Identifier expected.
src/tests/setup.js(836,8): error TS1003: Identifier expected.
src/tests/setup.js(840,12): error TS1003: Identifier expected.
src/tests/setup.js(841,10): error TS1003: Identifier expected.
src/tests/setup.js(841,82): error TS1003: Identifier expected.
src/tests/setup.js(906,19): error TS1003: Identifier expected.
src/tests/setup.js(912,12): error TS1003: Identifier expected.
src/tests/setup.js(951,17): error TS1003: Identifier expected.
src/tests/utils/cache.test.js(152,14): error TS1005: ':' expected.
src/tests/utils/cache.test.js(152,16): error TS1005: ',' expected.
src/theme.ts(17,7): error TS1005: ',' expected.
src/theme.ts(17,13): error TS1005: ',' expected.
src/theme.ts(17,15): error TS1005: ',' expected.
src/theme.ts(19,7): error TS1005: ',' expected.
src/theme.ts(19,17): error TS1005: ',' expected.
src/theme.ts(19,21): error TS1005: ',' expected.
src/theme.ts(44,7): error TS1005: ',' expected.
src/theme.ts(44,13): error TS1005: ',' expected.
src/theme.ts(44,15): error TS1005: ',' expected.
src/theme.ts(46,7): error TS1005: ',' expected.
src/theme.ts(46,17): error TS1005: ',' expected.
src/theme.ts(46,21): error TS1005: ',' expected.
src/theme/lunarTheme.js(63,17): error TS1005: ',' expected.
src/theme/lunarTheme.js(63,27): error TS1005: ',' expected.
src/theme/lunarTheme.js(63,31): error TS1005: ',' expected.
src/theme/lunarTheme.js(63,35): error TS1005: ':' expected.
src/theme/lunarTheme.js(63,42): error TS1005: ',' expected.
src/theme/lunarTheme.js(63,46): error TS1005: ',' expected.
src/theme/lunarTheme.js(63,59): error TS1005: ':' expected.
src/theme/lunarTheme.js(83,19): error TS1005: ',' expected.
src/theme/lunarTheme.js(83,29): error TS1005: ',' expected.
src/theme/lunarTheme.js(83,33): error TS1005: ',' expected.
src/theme/lunarTheme.js(83,37): error TS1005: ':' expected.
src/theme/lunarTheme.js(83,44): error TS1005: ',' expected.
src/theme/lunarTheme.js(83,48): error TS1005: ',' expected.
src/theme/lunarTheme.js(83,61): error TS1005: ':' expected.
