yarn run v1.22.22
$ /Users/devang/Documents/local_rabbit/node_modules/.bin/tsc --noEmit
src/components/AIAnalyzer.early.test/AIAnalyzer.early.test.jsx(16,49): error TS1005: ',' expected.
src/components/AIAnalyzer.early.test/AIAnalyzer.early.test.jsx(16,55): error TS1005: ',' expected.
src/components/AIAnalyzer.early.test/AIAnalyzer.early.test.jsx(16,60): error TS1005: ',' expected.
src/components/AIAnalyzer.early.test/AIAnalyzer.early.test.jsx(16,65): error TS1005: ':' expected.
src/components/AIAnalyzer/AIAnalyzer.jsx(124,98): error TS1003: Identifier expected.
src/components/AIAnalyzer/AIAnalyzer.jsx(129,6): error TS1382: Unexpected token. Did you mean `{'>'}` or `&gt;`?
src/components/Terminal/TerminalPreview.jsx(63,16): error TS1005: ',' expected.
src/components/Terminal/TerminalPreview.jsx(63,18): error TS1005: ':' expected.
src/config.js(2,29): error TS1003: Identifier expected.
src/config/index.js(2,22): error TS1003: Identifier expected.
src/core/application/config.js(9,22): error TS1003: Identifier expected.
src/core/application/config.js(11,18): error TS1003: Identifier expected.
src/infrastructure/di/container.js(86,8): error TS1003: Identifier expected.
src/infrastructure/di/container.js(95,27): error TS1003: Identifier expected.
src/presentation/components/ai/AIAnalyzer.jsx(88,98): error TS1003: Identifier expected.
src/presentation/components/ai/AIAnalyzer.jsx(90,4): error TS1382: Unexpected token. Did you mean `{'>'}` or `&gt;`?
src/tests/components/DiffViewer.test.jsx(222,52): error TS1005: ',' expected.
src/tests/components/DiffViewer.test.jsx(222,57): error TS1005: ',' expected.
src/tests/components/DiffViewer.test.jsx(222,60): error TS1005: ':' expected.
src/tests/components/DiffViewer.test.jsx(223,61): error TS1005: ',' expected.
src/tests/components/DiffViewer.test.jsx(223,66): error TS1005: ',' expected.
src/tests/components/DiffViewer.test.jsx(223,69): error TS1005: ':' expected.
src/tests/setup.js(109,13): error TS1003: Identifier expected.
src/tests/setup.js(110,8): error TS1003: Identifier expected.
src/tests/setup.js(112,8): error TS1003: Identifier expected.
src/tests/setup.js(116,12): error TS1003: Identifier expected.
src/tests/setup.js(117,8): error TS1003: Identifier expected.
src/tests/setup.js(117,128): error TS1003: Identifier expected.
src/tests/setup.js(228,13): error TS1003: Identifier expected.
src/tests/setup.js(229,8): error TS1003: Identifier expected.
src/tests/setup.js(231,8): error TS1003: Identifier expected.
src/tests/setup.js(235,12): error TS1003: Identifier expected.
src/tests/setup.js(236,8): error TS1003: Identifier expected.
src/tests/setup.js(236,128): error TS1003: Identifier expected.
src/tests/setup.js(302,8): error TS1003: Identifier expected.
src/tests/setup.js(321,12): error TS1003: Identifier expected.
src/tests/setup.js(324,8): error TS1003: Identifier expected.
src/tests/setup.js(342,25): error TS1003: Identifier expected.
src/tests/setup.js(365,23): error TS1003: Identifier expected.
src/tests/setup.js(371,27): error TS1003: Identifier expected.
src/tests/setup.js(371,136): error TS1003: Identifier expected.
src/tests/setup.js(401,27): error TS1003: Identifier expected.
src/tests/setup.js(419,15): error TS1003: Identifier expected.
src/tests/setup.js(675,22): error TS1003: Identifier expected.
src/tests/setup.js(695,21): error TS1003: Identifier expected.
src/tests/setup.js(696,28): error TS1003: Identifier expected.
src/tests/setup.js(721,21): error TS1003: Identifier expected.
src/tests/setup.js(722,28): error TS1003: Identifier expected.
src/tests/setup.js(815,8): error TS1003: Identifier expected.
src/tests/setup.js(821,15): error TS1003: Identifier expected.
src/tests/setup.js(833,13): error TS1003: Identifier expected.
src/tests/setup.js(834,8): error TS1003: Identifier expected.
src/tests/setup.js(836,8): error TS1003: Identifier expected.
src/tests/setup.js(840,12): error TS1003: Identifier expected.
src/tests/setup.js(841,8): error TS1003: Identifier expected.
src/tests/setup.js(841,128): error TS1003: Identifier expected.
src/tests/setup.js(906,17): error TS1003: Identifier expected.
src/tests/setup.js(912,10): error TS1003: Identifier expected.
src/tests/setup.js(951,15): error TS1003: Identifier expected.
src/tests/utils/cache.test.js(152,12): error TS1005: ':' expected.
src/tests/utils/cache.test.js(152,14): error TS1005: ',' expected.
src/theme.ts(17,5): error TS1005: ',' expected.
src/theme.ts(17,11): error TS1005: ',' expected.
src/theme.ts(17,13): error TS1005: ',' expected.
src/theme.ts(19,5): error TS1005: ',' expected.
src/theme.ts(19,15): error TS1005: ',' expected.
src/theme.ts(19,19): error TS1005: ',' expected.
src/theme.ts(44,5): error TS1005: ',' expected.
src/theme.ts(44,11): error TS1005: ',' expected.
src/theme.ts(44,13): error TS1005: ',' expected.
src/theme.ts(46,5): error TS1005: ',' expected.
src/theme.ts(46,15): error TS1005: ',' expected.
src/theme.ts(46,19): error TS1005: ',' expected.
src/theme/lunarTheme.js(63,17): error TS1005: ',' expected.
src/theme/lunarTheme.js(63,27): error TS1005: ',' expected.
src/theme/lunarTheme.js(63,31): error TS1005: ',' expected.
src/theme/lunarTheme.js(63,35): error TS1005: ':' expected.
src/theme/lunarTheme.js(63,42): error TS1005: ',' expected.
src/theme/lunarTheme.js(63,46): error TS1005: ',' expected.
src/theme/lunarTheme.js(63,59): error TS1005: ':' expected.
src/theme/lunarTheme.js(83,17): error TS1005: ',' expected.
src/theme/lunarTheme.js(83,27): error TS1005: ',' expected.
src/theme/lunarTheme.js(83,31): error TS1005: ',' expected.
src/theme/lunarTheme.js(83,35): error TS1005: ':' expected.
src/theme/lunarTheme.js(83,42): error TS1005: ',' expected.
src/theme/lunarTheme.js(83,46): error TS1005: ',' expected.
src/theme/lunarTheme.js(83,59): error TS1005: ':' expected.
info Visit https://yarnpkg.com/en/docs/cli/run for documentation about this command.
